<?xml version="1.0" encoding="UTF-8"?>
<testng-results ignored="0" total="126" passed="126" failed="0" skipped="0">
  <reporter-output>
  </reporter-output>
  <suite started-at="2025-01-22T17:33:20Z" name="FunctionalSampleTestsForAPI" finished-at="2025-01-22T17:37:56Z" duration-ms="275487">
    <groups>
      <group name="regression">
        <method signature="AssetBalancePlanLevelTest.getAccessToken()[pri:0, instance:com.manulife.automation.rest_assured_execution.tests.mps.AssetBalancePlanLevelTest@4694f434]" name="getAccessToken" class="com.manulife.automation.rest_assured_execution.tests.mps.AssetBalancePlanLevelTest"/>
        <method signature="AssetBalancePlanLevelTest.getApimAccessToken()[pri:1, instance:com.manulife.automation.rest_assured_execution.tests.mps.AssetBalancePlanLevelTest@4694f434]" name="getApimAccessToken" class="com.manulife.automation.rest_assured_execution.tests.mps.AssetBalancePlanLevelTest"/>
        <method signature="AssetBalancePlanLevelTest.getAssetBalanceByRppTest_MPS()[pri:2, instance:com.manulife.automation.rest_assured_execution.tests.mps.AssetBalancePlanLevelTest@4694f434]" name="getAssetBalanceByRppTest_MPS" class="com.manulife.automation.rest_assured_execution.tests.mps.AssetBalancePlanLevelTest"/>
        <method signature="AssetBalancePlanLevelTest.getAssetBalanceByRrspTest_MPS()[pri:3, instance:com.manulife.automation.rest_assured_execution.tests.mps.AssetBalancePlanLevelTest@4694f434]" name="getAssetBalanceByRrspTest_MPS" class="com.manulife.automation.rest_assured_execution.tests.mps.AssetBalancePlanLevelTest"/>
        <method signature="AssetBalanceTest.getAccessToken()[pri:0, instance:com.manulife.automation.rest_assured_execution.tests.mps.AssetBalanceTest@4833eff3]" name="getAccessToken" class="com.manulife.automation.rest_assured_execution.tests.mps.AssetBalanceTest"/>
        <method signature="AssetBalanceTest.getApimAccessToken()[pri:1, instance:com.manulife.automation.rest_assured_execution.tests.mps.AssetBalanceTest@4833eff3]" name="getApimAccessToken" class="com.manulife.automation.rest_assured_execution.tests.mps.AssetBalanceTest"/>
        <method signature="AssetBalanceTest.getAssetBalanceTest_MPS()[pri:2, instance:com.manulife.automation.rest_assured_execution.tests.mps.AssetBalanceTest@4833eff3]" name="getAssetBalanceTest_MPS" class="com.manulife.automation.rest_assured_execution.tests.mps.AssetBalanceTest"/>
        <method signature="BankInfoTest.getAccessToken()[pri:0, instance:com.manulife.automation.rest_assured_execution.tests.mps.BankInfoTest@56928e17]" name="getAccessToken" class="com.manulife.automation.rest_assured_execution.tests.mps.BankInfoTest"/>
        <method signature="BankInfoTest.getAccessToken_UnauthorizedBank()[pri:9, instance:com.manulife.automation.rest_assured_execution.tests.mps.BankInfoTest@56928e17]" name="getAccessToken_UnauthorizedBank" class="com.manulife.automation.rest_assured_execution.tests.mps.BankInfoTest"/>
        <method signature="BankInfoTest.getApimAccessToken()[pri:1, instance:com.manulife.automation.rest_assured_execution.tests.mps.BankInfoTest@56928e17]" name="getApimAccessToken" class="com.manulife.automation.rest_assured_execution.tests.mps.BankInfoTest"/>
        <method signature="BankInfoTest.getBankInfo_empty_MPS()[pri:11, instance:com.manulife.automation.rest_assured_execution.tests.mps.BankInfoTest@56928e17]" name="getBankInfo_empty_MPS" class="com.manulife.automation.rest_assured_execution.tests.mps.BankInfoTest"/>
        <method signature="BankInfoTest.getBankInfo_pending_accounts_MPS()[pri:8, instance:com.manulife.automation.rest_assured_execution.tests.mps.BankInfoTest@56928e17]" name="getBankInfo_pending_accounts_MPS" class="com.manulife.automation.rest_assured_execution.tests.mps.BankInfoTest"/>
        <method signature="BankInfoTest.getBankInfo_unauthorized_MPS()[pri:10, instance:com.manulife.automation.rest_assured_execution.tests.mps.BankInfoTest@56928e17]" name="getBankInfo_unauthorized_MPS" class="com.manulife.automation.rest_assured_execution.tests.mps.BankInfoTest"/>
        <method signature="BankInfoTest.getBankInfo_verified_accounts_MPS()[pri:3, instance:com.manulife.automation.rest_assured_execution.tests.mps.BankInfoTest@56928e17]" name="getBankInfo_verified_accounts_MPS" class="com.manulife.automation.rest_assured_execution.tests.mps.BankInfoTest"/>
        <method signature="BankInfoTest.postBankInfo_MPS()[pri:2, instance:com.manulife.automation.rest_assured_execution.tests.mps.BankInfoTest@56928e17]" name="postBankInfo_MPS" class="com.manulife.automation.rest_assured_execution.tests.mps.BankInfoTest"/>
        <method signature="BankInfoTest.postBankInfo_duplicateAccount_MPS()[pri:4, instance:com.manulife.automation.rest_assured_execution.tests.mps.BankInfoTest@56928e17]" name="postBankInfo_duplicateAccount_MPS" class="com.manulife.automation.rest_assured_execution.tests.mps.BankInfoTest"/>
        <method signature="BankInfoTest.postBankInfo_invalidBankDetails_MPS()[pri:6, instance:com.manulife.automation.rest_assured_execution.tests.mps.BankInfoTest@56928e17]" name="postBankInfo_invalidBankDetails_MPS" class="com.manulife.automation.rest_assured_execution.tests.mps.BankInfoTest"/>
        <method signature="BankInfoTest.postBankInfo_invalidTransitNumber_MPS()[pri:7, instance:com.manulife.automation.rest_assured_execution.tests.mps.BankInfoTest@56928e17]" name="postBankInfo_invalidTransitNumber_MPS" class="com.manulife.automation.rest_assured_execution.tests.mps.BankInfoTest"/>
        <method signature="BankInfoTest.postBankInfo_pendingAccount_MPS()[pri:5, instance:com.manulife.automation.rest_assured_execution.tests.mps.BankInfoTest@56928e17]" name="postBankInfo_pendingAccount_MPS" class="com.manulife.automation.rest_assured_execution.tests.mps.BankInfoTest"/>
        <method signature="BeneficiariesTest.beneficiaryPdfSummary_MPS_MPS()[pri:14, instance:com.manulife.automation.rest_assured_execution.tests.mps.BeneficiariesTest@777d191f]" name="beneficiaryPdfSummary_MPS_MPS" class="com.manulife.automation.rest_assured_execution.tests.mps.BeneficiariesTest"/>
        <method signature="BeneficiariesTest.beneficiaryPdfSummary_download_MPS_MPS()[pri:15, instance:com.manulife.automation.rest_assured_execution.tests.mps.BeneficiariesTest@777d191f]" name="beneficiaryPdfSummary_download_MPS_MPS" class="com.manulife.automation.rest_assured_execution.tests.mps.BeneficiariesTest"/>
        <method signature="BeneficiariesTest.getAccessToken()[pri:0, instance:com.manulife.automation.rest_assured_execution.tests.mps.BeneficiariesTest@777d191f]" name="getAccessToken" class="com.manulife.automation.rest_assured_execution.tests.mps.BeneficiariesTest"/>
        <method signature="BeneficiariesTest.getApimAccessToken()[pri:1, instance:com.manulife.automation.rest_assured_execution.tests.mps.BeneficiariesTest@777d191f]" name="getApimAccessToken" class="com.manulife.automation.rest_assured_execution.tests.mps.BeneficiariesTest"/>
        <method signature="BeneficiariesTest.getBeneficiaryPolicyStatus_MPS()[pri:2, instance:com.manulife.automation.rest_assured_execution.tests.mps.BeneficiariesTest@777d191f]" name="getBeneficiaryPolicyStatus_MPS" class="com.manulife.automation.rest_assured_execution.tests.mps.BeneficiariesTest"/>
        <method signature="BeneficiariesTest.getBeneficiaryType_beneficiary_MPS()[pri:3, instance:com.manulife.automation.rest_assured_execution.tests.mps.BeneficiariesTest@777d191f]" name="getBeneficiaryType_beneficiary_MPS" class="com.manulife.automation.rest_assured_execution.tests.mps.BeneficiariesTest"/>
        <method signature="BeneficiariesTest.getBeneficiaryType_trustee_MPS()[pri:4, instance:com.manulife.automation.rest_assured_execution.tests.mps.BeneficiariesTest@777d191f]" name="getBeneficiaryType_trustee_MPS" class="com.manulife.automation.rest_assured_execution.tests.mps.BeneficiariesTest"/>
        <method signature="BeneficiariesTest.getBeneficiary_address_issue_MPS()[pri:11, instance:com.manulife.automation.rest_assured_execution.tests.mps.BeneficiariesTest@777d191f]" name="getBeneficiary_address_issue_MPS" class="com.manulife.automation.rest_assured_execution.tests.mps.BeneficiariesTest"/>
        <method signature="BeneficiariesTest.getBeneficiary_behaviour38_MPS()[pri:13, instance:com.manulife.automation.rest_assured_execution.tests.mps.BeneficiariesTest@777d191f]" name="getBeneficiary_behaviour38_MPS" class="com.manulife.automation.rest_assured_execution.tests.mps.BeneficiariesTest"/>
        <method signature="BeneficiariesTest.getBeneficiary_contingent_issue_MPS()[pri:12, instance:com.manulife.automation.rest_assured_execution.tests.mps.BeneficiariesTest@777d191f]" name="getBeneficiary_contingent_issue_MPS" class="com.manulife.automation.rest_assured_execution.tests.mps.BeneficiariesTest"/>
        <method signature="BeneficiariesTest.getBeneficiary_irrevocable_MPS()[pri:10, instance:com.manulife.automation.rest_assured_execution.tests.mps.BeneficiariesTest@777d191f]" name="getBeneficiary_irrevocable_MPS" class="com.manulife.automation.rest_assured_execution.tests.mps.BeneficiariesTest"/>
        <method signature="BeneficiariesTest.getBeneficiary_success_MPS()[pri:9, instance:com.manulife.automation.rest_assured_execution.tests.mps.BeneficiariesTest@777d191f]" name="getBeneficiary_success_MPS" class="com.manulife.automation.rest_assured_execution.tests.mps.BeneficiariesTest"/>
        <method signature="BeneficiariesTest.updateBeneficiary_invalidPolicy_MPS()[pri:8, instance:com.manulife.automation.rest_assured_execution.tests.mps.BeneficiariesTest@777d191f]" name="updateBeneficiary_invalidPolicy_MPS" class="com.manulife.automation.rest_assured_execution.tests.mps.BeneficiariesTest"/>
        <method signature="BeneficiariesTest.updateBeneficiary_invalidSignature_MPS()[pri:7, instance:com.manulife.automation.rest_assured_execution.tests.mps.BeneficiariesTest@777d191f]" name="updateBeneficiary_invalidSignature_MPS" class="com.manulife.automation.rest_assured_execution.tests.mps.BeneficiariesTest"/>
        <method signature="BeneficiariesTest.updateBeneficiary_success_MPS()[pri:5, instance:com.manulife.automation.rest_assured_execution.tests.mps.BeneficiariesTest@777d191f]" name="updateBeneficiary_success_MPS" class="com.manulife.automation.rest_assured_execution.tests.mps.BeneficiariesTest"/>
        <method signature="BeneficiariesTest.updateBeneficiary_success_estate_MPS()[pri:6, instance:com.manulife.automation.rest_assured_execution.tests.mps.BeneficiariesTest@777d191f]" name="updateBeneficiary_success_estate_MPS" class="com.manulife.automation.rest_assured_execution.tests.mps.BeneficiariesTest"/>
        <method signature="BonusElectionTest.createBonusElection_MPS()[pri:4, instance:com.manulife.automation.rest_assured_execution.tests.mps.BonusElectionTest@31142d58]" name="createBonusElection_MPS" class="com.manulife.automation.rest_assured_execution.tests.mps.BonusElectionTest"/>
        <method signature="BonusElectionTest.createBonusElection_badRequest_MPS()[pri:4, instance:com.manulife.automation.rest_assured_execution.tests.mps.BonusElectionTest@31142d58]" name="createBonusElection_badRequest_MPS" class="com.manulife.automation.rest_assured_execution.tests.mps.BonusElectionTest"/>
        <method signature="BonusElectionTest.createBonusElection_invalidRequest_MPS()[pri:4, instance:com.manulife.automation.rest_assured_execution.tests.mps.BonusElectionTest@31142d58]" name="createBonusElection_invalidRequest_MPS" class="com.manulife.automation.rest_assured_execution.tests.mps.BonusElectionTest"/>
        <method signature="BonusElectionTest.deleteBonusElection_MPS()[pri:8, instance:com.manulife.automation.rest_assured_execution.tests.mps.BonusElectionTest@31142d58]" name="deleteBonusElection_MPS" class="com.manulife.automation.rest_assured_execution.tests.mps.BonusElectionTest"/>
        <method signature="BonusElectionTest.getAccessToken()[pri:0, instance:com.manulife.automation.rest_assured_execution.tests.mps.BonusElectionTest@31142d58]" name="getAccessToken" class="com.manulife.automation.rest_assured_execution.tests.mps.BonusElectionTest"/>
        <method signature="BonusElectionTest.getApimAccessToken()[pri:1, instance:com.manulife.automation.rest_assured_execution.tests.mps.BonusElectionTest@31142d58]" name="getApimAccessToken" class="com.manulife.automation.rest_assured_execution.tests.mps.BonusElectionTest"/>
        <method signature="BonusElectionTest.getBonusElectionPolicyStatus_MPS()[pri:2, instance:com.manulife.automation.rest_assured_execution.tests.mps.BonusElectionTest@31142d58]" name="getBonusElectionPolicyStatus_MPS" class="com.manulife.automation.rest_assured_execution.tests.mps.BonusElectionTest"/>
        <method signature="BonusElectionTest.getBonusElection_MPS()[pri:5, instance:com.manulife.automation.rest_assured_execution.tests.mps.BonusElectionTest@31142d58]" name="getBonusElection_MPS" class="com.manulife.automation.rest_assured_execution.tests.mps.BonusElectionTest"/>
        <method signature="BonusElectionTest.getBonusElection_NoPolicy_MPS()[pri:3, instance:com.manulife.automation.rest_assured_execution.tests.mps.BonusElectionTest@31142d58]" name="getBonusElection_NoPolicy_MPS" class="com.manulife.automation.rest_assured_execution.tests.mps.BonusElectionTest"/>
        <method signature="BonusElectionTest.updateBonusElection_MPS()[pri:6, instance:com.manulife.automation.rest_assured_execution.tests.mps.BonusElectionTest@31142d58]" name="updateBonusElection_MPS" class="com.manulife.automation.rest_assured_execution.tests.mps.BonusElectionTest"/>
        <method signature="BonusElectionTest.validateDeletedBonus()[pri:9, instance:com.manulife.automation.rest_assured_execution.tests.mps.BonusElectionTest@31142d58]" name="validateDeletedBonus" class="com.manulife.automation.rest_assured_execution.tests.mps.BonusElectionTest"/>
        <method signature="BonusElectionTest.validateUpdatedBonus()[pri:7, instance:com.manulife.automation.rest_assured_execution.tests.mps.BonusElectionTest@31142d58]" name="validateUpdatedBonus" class="com.manulife.automation.rest_assured_execution.tests.mps.BonusElectionTest"/>
        <method signature="ContributionsTest.getAccessToken()[pri:0, instance:com.manulife.automation.rest_assured_execution.tests.mps.ContributionsTest@338766de]" name="getAccessToken" class="com.manulife.automation.rest_assured_execution.tests.mps.ContributionsTest"/>
        <method signature="ContributionsTest.getApimAccessToken()[pri:1, instance:com.manulife.automation.rest_assured_execution.tests.mps.ContributionsTest@338766de]" name="getApimAccessToken" class="com.manulife.automation.rest_assured_execution.tests.mps.ContributionsTest"/>
        <method signature="ContributionsTest.getContributionsTest_MPS()[pri:2, instance:com.manulife.automation.rest_assured_execution.tests.mps.ContributionsTest@338766de]" name="getContributionsTest_MPS" class="com.manulife.automation.rest_assured_execution.tests.mps.ContributionsTest"/>
        <method signature="FileUploadTest.getAccessToken()[pri:0, instance:com.manulife.automation.rest_assured_execution.tests.mps.FileUploadTest@dd2856e]" name="getAccessToken" class="com.manulife.automation.rest_assured_execution.tests.mps.FileUploadTest"/>
        <method signature="FileUploadTest.getApimAccessToken()[pri:1, instance:com.manulife.automation.rest_assured_execution.tests.mps.FileUploadTest@dd2856e]" name="getApimAccessToken" class="com.manulife.automation.rest_assured_execution.tests.mps.FileUploadTest"/>
        <method signature="FileUploadTest.getFileUploadPolicyStatus_MPS()[pri:2, instance:com.manulife.automation.rest_assured_execution.tests.mps.FileUploadTest@dd2856e]" name="getFileUploadPolicyStatus_MPS" class="com.manulife.automation.rest_assured_execution.tests.mps.FileUploadTest"/>
        <method signature="FileUploadTest.postFileUpload_MPS()[pri:3, instance:com.manulife.automation.rest_assured_execution.tests.mps.FileUploadTest@dd2856e]" name="postFileUpload_MPS" class="com.manulife.automation.rest_assured_execution.tests.mps.FileUploadTest"/>
        <method signature="FileUploadTest.postFileUpload_bigFileSize_MPS()[pri:8, instance:com.manulife.automation.rest_assured_execution.tests.mps.FileUploadTest@dd2856e]" name="postFileUpload_bigFileSize_MPS" class="com.manulife.automation.rest_assured_execution.tests.mps.FileUploadTest"/>
        <method signature="FileUploadTest.postFileUpload_duplicateFiles_MPS()[pri:4, instance:com.manulife.automation.rest_assured_execution.tests.mps.FileUploadTest@dd2856e]" name="postFileUpload_duplicateFiles_MPS" class="com.manulife.automation.rest_assured_execution.tests.mps.FileUploadTest"/>
        <method signature="FileUploadTest.postFileUpload_invalidFile_MPS()[pri:6, instance:com.manulife.automation.rest_assured_execution.tests.mps.FileUploadTest@dd2856e]" name="postFileUpload_invalidFile_MPS" class="com.manulife.automation.rest_assured_execution.tests.mps.FileUploadTest"/>
        <method signature="FileUploadTest.postFileUpload_longFilename_MPS()[pri:9, instance:com.manulife.automation.rest_assured_execution.tests.mps.FileUploadTest@dd2856e]" name="postFileUpload_longFilename_MPS" class="com.manulife.automation.rest_assured_execution.tests.mps.FileUploadTest"/>
        <method signature="FileUploadTest.postFileUpload_maxFile_MPS()[pri:7, instance:com.manulife.automation.rest_assured_execution.tests.mps.FileUploadTest@dd2856e]" name="postFileUpload_maxFile_MPS" class="com.manulife.automation.rest_assured_execution.tests.mps.FileUploadTest"/>
        <method signature="FileUploadTest.postFileUpload_noFiles_MPS()[pri:5, instance:com.manulife.automation.rest_assured_execution.tests.mps.FileUploadTest@dd2856e]" name="postFileUpload_noFiles_MPS" class="com.manulife.automation.rest_assured_execution.tests.mps.FileUploadTest"/>
        <method signature="InterfundTransferTest.getAccessToken()[pri:0, instance:com.manulife.automation.rest_assured_execution.tests.mps.InterfundTransferTest@7fc420b8]" name="getAccessToken" class="com.manulife.automation.rest_assured_execution.tests.mps.InterfundTransferTest"/>
        <method signature="InterfundTransferTest.getApimAccessToken()[pri:1, instance:com.manulife.automation.rest_assured_execution.tests.mps.InterfundTransferTest@7fc420b8]" name="getApimAccessToken" class="com.manulife.automation.rest_assured_execution.tests.mps.InterfundTransferTest"/>
        <method signature="InterfundTransferTest.getIFTContributionCategories_MPS()[pri:6, instance:com.manulife.automation.rest_assured_execution.tests.mps.InterfundTransferTest@7fc420b8]" name="getIFTContributionCategories_MPS" class="com.manulife.automation.rest_assured_execution.tests.mps.InterfundTransferTest"/>
        <method signature="InterfundTransferTest.getIftNoContributionCategoriesWithAssets_MPS()[pri:3, instance:com.manulife.automation.rest_assured_execution.tests.mps.InterfundTransferTest@7fc420b8]" name="getIftNoContributionCategoriesWithAssets_MPS" class="com.manulife.automation.rest_assured_execution.tests.mps.InterfundTransferTest"/>
        <method signature="InterfundTransferTest.getIftNoContributionCategories_MPS()[pri:4, instance:com.manulife.automation.rest_assured_execution.tests.mps.InterfundTransferTest@7fc420b8]" name="getIftNoContributionCategories_MPS" class="com.manulife.automation.rest_assured_execution.tests.mps.InterfundTransferTest"/>
        <method signature="InterfundTransferTest.getIftPolicyStatus_MPS()[pri:5, instance:com.manulife.automation.rest_assured_execution.tests.mps.InterfundTransferTest@7fc420b8]" name="getIftPolicyStatus_MPS" class="com.manulife.automation.rest_assured_execution.tests.mps.InterfundTransferTest"/>
        <method signature="InterfundTransferTest.getInterfundPolicyStatus_invalidPolicies_MPS()[pri:2, instance:com.manulife.automation.rest_assured_execution.tests.mps.InterfundTransferTest@7fc420b8]" name="getInterfundPolicyStatus_invalidPolicies_MPS" class="com.manulife.automation.rest_assured_execution.tests.mps.InterfundTransferTest"/>
        <method signature="InterfundTransferTest.postInterFundTransfer_nrsp_MPS()[pri:8, instance:com.manulife.automation.rest_assured_execution.tests.mps.InterfundTransferTest@7fc420b8]" name="postInterFundTransfer_nrsp_MPS" class="com.manulife.automation.rest_assured_execution.tests.mps.InterfundTransferTest"/>
        <method signature="InterfundTransferTest.postInterFundTransfer_rrsp_MPS()[pri:7, instance:com.manulife.automation.rest_assured_execution.tests.mps.InterfundTransferTest@7fc420b8]" name="postInterFundTransfer_rrsp_MPS" class="com.manulife.automation.rest_assured_execution.tests.mps.InterfundTransferTest"/>
        <method signature="LumpsumContributionTest.getAccessToken()[pri:0, instance:com.manulife.automation.rest_assured_execution.tests.mps.LumpsumContributionTest@5a49af50]" name="getAccessToken" class="com.manulife.automation.rest_assured_execution.tests.mps.LumpsumContributionTest"/>
        <method signature="LumpsumContributionTest.getApimAccessToken()[pri:1, instance:com.manulife.automation.rest_assured_execution.tests.mps.LumpsumContributionTest@5a49af50]" name="getApimAccessToken" class="com.manulife.automation.rest_assured_execution.tests.mps.LumpsumContributionTest"/>
        <method signature="LumpsumContributionTest.getLumpsumContributionCategories_MPS()[pri:3, instance:com.manulife.automation.rest_assured_execution.tests.mps.LumpsumContributionTest@5a49af50]" name="getLumpsumContributionCategories_MPS" class="com.manulife.automation.rest_assured_execution.tests.mps.LumpsumContributionTest"/>
        <method signature="LumpsumContributionTest.getLumpsumPolicyStatus_MPS()[pri:2, instance:com.manulife.automation.rest_assured_execution.tests.mps.LumpsumContributionTest@5a49af50]" name="getLumpsumPolicyStatus_MPS" class="com.manulife.automation.rest_assured_execution.tests.mps.LumpsumContributionTest"/>
        <method signature="LumpsumContributionTest.postLumpsumContribution_A050_MPS()[pri:5, instance:com.manulife.automation.rest_assured_execution.tests.mps.LumpsumContributionTest@5a49af50]" name="postLumpsumContribution_A050_MPS" class="com.manulife.automation.rest_assured_execution.tests.mps.LumpsumContributionTest"/>
        <method signature="LumpsumContributionTest.postLumpsumContribution_M050_MPS()[pri:7, instance:com.manulife.automation.rest_assured_execution.tests.mps.LumpsumContributionTest@5a49af50]" name="postLumpsumContribution_M050_MPS" class="com.manulife.automation.rest_assured_execution.tests.mps.LumpsumContributionTest"/>
        <method signature="LumpsumContributionTest.postLumpsumContribution_M052_MPS()[pri:8, instance:com.manulife.automation.rest_assured_execution.tests.mps.LumpsumContributionTest@5a49af50]" name="postLumpsumContribution_M052_MPS" class="com.manulife.automation.rest_assured_execution.tests.mps.LumpsumContributionTest"/>
        <method signature="LumpsumContributionTest.postLumpsumContribution_M053_MPS()[pri:10, instance:com.manulife.automation.rest_assured_execution.tests.mps.LumpsumContributionTest@5a49af50]" name="postLumpsumContribution_M053_MPS" class="com.manulife.automation.rest_assured_execution.tests.mps.LumpsumContributionTest"/>
        <method signature="LumpsumContributionTest.postLumpsumContribution_M054_MPS()[pri:6, instance:com.manulife.automation.rest_assured_execution.tests.mps.LumpsumContributionTest@5a49af50]" name="postLumpsumContribution_M054_MPS" class="com.manulife.automation.rest_assured_execution.tests.mps.LumpsumContributionTest"/>
        <method signature="LumpsumContributionTest.postLumpsumContribution_M056_MPS()[pri:11, instance:com.manulife.automation.rest_assured_execution.tests.mps.LumpsumContributionTest@5a49af50]" name="postLumpsumContribution_M056_MPS" class="com.manulife.automation.rest_assured_execution.tests.mps.LumpsumContributionTest"/>
        <method signature="LumpsumContributionTest.postLumpsumContribution_S051_MPS()[pri:9, instance:com.manulife.automation.rest_assured_execution.tests.mps.LumpsumContributionTest@5a49af50]" name="postLumpsumContribution_S051_MPS" class="com.manulife.automation.rest_assured_execution.tests.mps.LumpsumContributionTest"/>
        <method signature="LumpsumContributionTest.postLumpsumContribution_success_MPS()[pri:4, instance:com.manulife.automation.rest_assured_execution.tests.mps.LumpsumContributionTest@5a49af50]" name="postLumpsumContribution_success_MPS" class="com.manulife.automation.rest_assured_execution.tests.mps.LumpsumContributionTest"/>
        <method signature="LumpsumContributionTest.postLumpsumContribution_success_tfsa_MPS()[pri:10, instance:com.manulife.automation.rest_assured_execution.tests.mps.LumpsumContributionTest@5a49af50]" name="postLumpsumContribution_success_tfsa_MPS" class="com.manulife.automation.rest_assured_execution.tests.mps.LumpsumContributionTest"/>
        <method signature="LumpsumContributionTest.postLumpsumSummaryPdfDetails_MPS()[pri:12, instance:com.manulife.automation.rest_assured_execution.tests.mps.LumpsumContributionTest@5a49af50]" name="postLumpsumSummaryPdfDetails_MPS" class="com.manulife.automation.rest_assured_execution.tests.mps.LumpsumContributionTest"/>
        <method signature="LumpsumContributionTest.postLumpsumSummaryPdfHeader_MPS()[pri:11, instance:com.manulife.automation.rest_assured_execution.tests.mps.LumpsumContributionTest@5a49af50]" name="postLumpsumSummaryPdfHeader_MPS" class="com.manulife.automation.rest_assured_execution.tests.mps.LumpsumContributionTest"/>
        <method signature="LumpsumContributionTest.postLumpsumSummaryPdfInvalidBank_MPS()[pri:14, instance:com.manulife.automation.rest_assured_execution.tests.mps.LumpsumContributionTest@5a49af50]" name="postLumpsumSummaryPdfInvalidBank_MPS" class="com.manulife.automation.rest_assured_execution.tests.mps.LumpsumContributionTest"/>
        <method signature="LumpsumContributionTest.postLumpsumSummaryPdfNoPolicy_MPS()[pri:13, instance:com.manulife.automation.rest_assured_execution.tests.mps.LumpsumContributionTest@5a49af50]" name="postLumpsumSummaryPdfNoPolicy_MPS" class="com.manulife.automation.rest_assured_execution.tests.mps.LumpsumContributionTest"/>
        <method signature="MemberProfileTest.getAccessToken()[pri:0, instance:com.manulife.automation.rest_assured_execution.tests.mps.MemberProfileTest@3b1dc579]" name="getAccessToken" class="com.manulife.automation.rest_assured_execution.tests.mps.MemberProfileTest"/>
        <method signature="MemberProfileTest.getApimAccessToken()[pri:1, instance:com.manulife.automation.rest_assured_execution.tests.mps.MemberProfileTest@3b1dc579]" name="getApimAccessToken" class="com.manulife.automation.rest_assured_execution.tests.mps.MemberProfileTest"/>
        <method signature="MemberProfileTest.getMemberProfile_MPS()[pri:3, instance:com.manulife.automation.rest_assured_execution.tests.mps.MemberProfileTest@3b1dc579]" name="getMemberProfile_MPS" class="com.manulife.automation.rest_assured_execution.tests.mps.MemberProfileTest"/>
        <method signature="MemberProfileTest.postMemberProfile_MPS()[pri:2, instance:com.manulife.automation.rest_assured_execution.tests.mps.MemberProfileTest@3b1dc579]" name="postMemberProfile_MPS" class="com.manulife.automation.rest_assured_execution.tests.mps.MemberProfileTest"/>
        <method signature="MemberProfileTest.postNewMemberProfile_MPS()[pri:5, instance:com.manulife.automation.rest_assured_execution.tests.mps.MemberProfileTest@3b1dc579]" name="postNewMemberProfile_MPS" class="com.manulife.automation.rest_assured_execution.tests.mps.MemberProfileTest"/>
        <method signature="MemberProfileTest.validateMemberProfileNoEmail_MPS()[pri:4, instance:com.manulife.automation.rest_assured_execution.tests.mps.MemberProfileTest@3b1dc579]" name="validateMemberProfileNoEmail_MPS" class="com.manulife.automation.rest_assured_execution.tests.mps.MemberProfileTest"/>
        <method signature="MemberProfileV2Test.getAccessToken()[pri:0, instance:com.manulife.automation.rest_assured_execution.tests.mps.MemberProfileV2Test@793d163b]" name="getAccessToken" class="com.manulife.automation.rest_assured_execution.tests.mps.MemberProfileV2Test"/>
        <method signature="MemberProfileV2Test.getApimAccessToken()[pri:1, instance:com.manulife.automation.rest_assured_execution.tests.mps.MemberProfileV2Test@793d163b]" name="getApimAccessToken" class="com.manulife.automation.rest_assured_execution.tests.mps.MemberProfileV2Test"/>
        <method signature="MemberProfileV2Test.getMemberProfileV2_defaultViewType_MPS()[pri:2, instance:com.manulife.automation.rest_assured_execution.tests.mps.MemberProfileV2Test@793d163b]" name="getMemberProfileV2_defaultViewType_MPS" class="com.manulife.automation.rest_assured_execution.tests.mps.MemberProfileV2Test"/>
        <method signature="MemberProfileV2Test.getMemberProfileV2_emailViewType_MPS()[pri:3, instance:com.manulife.automation.rest_assured_execution.tests.mps.MemberProfileV2Test@793d163b]" name="getMemberProfileV2_emailViewType_MPS" class="com.manulife.automation.rest_assured_execution.tests.mps.MemberProfileV2Test"/>
        <method signature="MemberProfileV2Test.getMemberProfileV2_noHomeAddress_MPS()[pri:4, instance:com.manulife.automation.rest_assured_execution.tests.mps.MemberProfileV2Test@793d163b]" name="getMemberProfileV2_noHomeAddress_MPS" class="com.manulife.automation.rest_assured_execution.tests.mps.MemberProfileV2Test"/>
        <method signature="MemberProfileV2Test.getMemberProfileV2_noViewType_MPS()[pri:4, instance:com.manulife.automation.rest_assured_execution.tests.mps.MemberProfileV2Test@793d163b]" name="getMemberProfileV2_noViewType_MPS" class="com.manulife.automation.rest_assured_execution.tests.mps.MemberProfileV2Test"/>
        <method signature="MemberProfileV2Test.getMemberProfileV2_postalAddressViewType_MPS()[pri:4, instance:com.manulife.automation.rest_assured_execution.tests.mps.MemberProfileV2Test@793d163b]" name="getMemberProfileV2_postalAddressViewType_MPS" class="com.manulife.automation.rest_assured_execution.tests.mps.MemberProfileV2Test"/>
        <method signature="RateOfReturnTest.getAccessToken()[pri:0, instance:com.manulife.automation.rest_assured_execution.tests.mps.RateOfReturnTest@221a2068]" name="getAccessToken" class="com.manulife.automation.rest_assured_execution.tests.mps.RateOfReturnTest"/>
        <method signature="RateOfReturnTest.getApimAccessToken()[pri:1, instance:com.manulife.automation.rest_assured_execution.tests.mps.RateOfReturnTest@221a2068]" name="getApimAccessToken" class="com.manulife.automation.rest_assured_execution.tests.mps.RateOfReturnTest"/>
        <method signature="RateOfReturnTest.getRateOfReturnByPeriod_MPS()[pri:3, instance:com.manulife.automation.rest_assured_execution.tests.mps.RateOfReturnTest@221a2068]" name="getRateOfReturnByPeriod_MPS" class="com.manulife.automation.rest_assured_execution.tests.mps.RateOfReturnTest"/>
        <method signature="RateOfReturnTest.getRateOfReturnTest_MPS()[pri:2, instance:com.manulife.automation.rest_assured_execution.tests.mps.RateOfReturnTest@221a2068]" name="getRateOfReturnTest_MPS" class="com.manulife.automation.rest_assured_execution.tests.mps.RateOfReturnTest"/>
        <method signature="SerpTest.getAccessToken()[pri:0, instance:com.manulife.automation.rest_assured_execution.tests.mps.SerpTest@60dd0587]" name="getAccessToken" class="com.manulife.automation.rest_assured_execution.tests.mps.SerpTest"/>
        <method signature="SerpTest.getApimAccessToken()[pri:1, instance:com.manulife.automation.rest_assured_execution.tests.mps.SerpTest@60dd0587]" name="getApimAccessToken" class="com.manulife.automation.rest_assured_execution.tests.mps.SerpTest"/>
        <method signature="SerpTest.getNotAuthorizedSerp_MPS()[pri:2, instance:com.manulife.automation.rest_assured_execution.tests.mps.SerpTest@60dd0587]" name="getNotAuthorizedSerp_MPS" class="com.manulife.automation.rest_assured_execution.tests.mps.SerpTest"/>
        <method signature="SerpTest.getSerpDetailsTest_MPS()[pri:4, instance:com.manulife.automation.rest_assured_execution.tests.mps.SerpTest@60dd0587]" name="getSerpDetailsTest_MPS" class="com.manulife.automation.rest_assured_execution.tests.mps.SerpTest"/>
        <method signature="SerpTest.getSerpFundTest_MPS()[pri:5, instance:com.manulife.automation.rest_assured_execution.tests.mps.SerpTest@60dd0587]" name="getSerpFundTest_MPS" class="com.manulife.automation.rest_assured_execution.tests.mps.SerpTest"/>
        <method signature="SerpTest.getSerpMessagesTest_MPS()[pri:3, instance:com.manulife.automation.rest_assured_execution.tests.mps.SerpTest@60dd0587]" name="getSerpMessagesTest_MPS" class="com.manulife.automation.rest_assured_execution.tests.mps.SerpTest"/>
        <method signature="StatementDeliveryTest.getAccessToken()[pri:0, instance:com.manulife.automation.rest_assured_execution.tests.mps.StatementDeliveryTest@3b7eac14]" name="getAccessToken" class="com.manulife.automation.rest_assured_execution.tests.mps.StatementDeliveryTest"/>
        <method signature="StatementDeliveryTest.getApimAccessToken()[pri:1, instance:com.manulife.automation.rest_assured_execution.tests.mps.StatementDeliveryTest@3b7eac14]" name="getApimAccessToken" class="com.manulife.automation.rest_assured_execution.tests.mps.StatementDeliveryTest"/>
        <method signature="StatementDeliveryTest.getStatementDelivery_MPS()[pri:3, instance:com.manulife.automation.rest_assured_execution.tests.mps.StatementDeliveryTest@3b7eac14]" name="getStatementDelivery_MPS" class="com.manulife.automation.rest_assured_execution.tests.mps.StatementDeliveryTest"/>
        <method signature="StatementDeliveryTest.getStatementDelivery_paperlessOff_MPS()[pri:5, instance:com.manulife.automation.rest_assured_execution.tests.mps.StatementDeliveryTest@3b7eac14]" name="getStatementDelivery_paperlessOff_MPS" class="com.manulife.automation.rest_assured_execution.tests.mps.StatementDeliveryTest"/>
        <method signature="StatementDeliveryTest.postStatementDelivery_MPS()[pri:2, instance:com.manulife.automation.rest_assured_execution.tests.mps.StatementDeliveryTest@3b7eac14]" name="postStatementDelivery_MPS" class="com.manulife.automation.rest_assured_execution.tests.mps.StatementDeliveryTest"/>
        <method signature="StatementDeliveryTest.postStatementDelivery_paperlessOff_MPS()[pri:4, instance:com.manulife.automation.rest_assured_execution.tests.mps.StatementDeliveryTest@3b7eac14]" name="postStatementDelivery_paperlessOff_MPS" class="com.manulife.automation.rest_assured_execution.tests.mps.StatementDeliveryTest"/>
        <method signature="TaxReceiptsTest.getAccessToken()[pri:0, instance:com.manulife.automation.rest_assured_execution.tests.mps.TaxReceiptsTest@4976085]" name="getAccessToken" class="com.manulife.automation.rest_assured_execution.tests.mps.TaxReceiptsTest"/>
        <method signature="TaxReceiptsTest.getApimAccessToken()[pri:1, instance:com.manulife.automation.rest_assured_execution.tests.mps.TaxReceiptsTest@4976085]" name="getApimAccessToken" class="com.manulife.automation.rest_assured_execution.tests.mps.TaxReceiptsTest"/>
        <method signature="TaxReceiptsTest.getTaxReceiptsForbiddenTest_MPS()[pri:3, instance:com.manulife.automation.rest_assured_execution.tests.mps.TaxReceiptsTest@4976085]" name="getTaxReceiptsForbiddenTest_MPS" class="com.manulife.automation.rest_assured_execution.tests.mps.TaxReceiptsTest"/>
        <method signature="TaxReceiptsTest.getTaxReceiptsPdfTest_MPS()[pri:4, instance:com.manulife.automation.rest_assured_execution.tests.mps.TaxReceiptsTest@4976085]" name="getTaxReceiptsPdfTest_MPS" class="com.manulife.automation.rest_assured_execution.tests.mps.TaxReceiptsTest"/>
        <method signature="TaxReceiptsTest.getTaxReceiptsSlipsTest_MPS()[pri:3, instance:com.manulife.automation.rest_assured_execution.tests.mps.TaxReceiptsTest@4976085]" name="getTaxReceiptsSlipsTest_MPS" class="com.manulife.automation.rest_assured_execution.tests.mps.TaxReceiptsTest"/>
        <method signature="TaxReceiptsTest.getTaxReceiptsTest_MPS()[pri:2, instance:com.manulife.automation.rest_assured_execution.tests.mps.TaxReceiptsTest@4976085]" name="getTaxReceiptsTest_MPS" class="com.manulife.automation.rest_assured_execution.tests.mps.TaxReceiptsTest"/>
        <method signature="TaxReceiptsTest.getTaxSlipsPdfTest_MPS()[pri:5, instance:com.manulife.automation.rest_assured_execution.tests.mps.TaxReceiptsTest@4976085]" name="getTaxSlipsPdfTest_MPS" class="com.manulife.automation.rest_assured_execution.tests.mps.TaxReceiptsTest"/>
        <method signature="TransactionsTest.getAccessToken()[pri:0, instance:com.manulife.automation.rest_assured_execution.tests.mps.TransactionsTest@77f905e3]" name="getAccessToken" class="com.manulife.automation.rest_assured_execution.tests.mps.TransactionsTest"/>
        <method signature="TransactionsTest.getApimAccessToken()[pri:1, instance:com.manulife.automation.rest_assured_execution.tests.mps.TransactionsTest@77f905e3]" name="getApimAccessToken" class="com.manulife.automation.rest_assured_execution.tests.mps.TransactionsTest"/>
        <method signature="TransactionsTest.getNoTransactionsTest_MPS()[pri:3, instance:com.manulife.automation.rest_assured_execution.tests.mps.TransactionsTest@77f905e3]" name="getNoTransactionsTest_MPS" class="com.manulife.automation.rest_assured_execution.tests.mps.TransactionsTest"/>
        <method signature="TransactionsTest.getTransactionsTest_MPS()[pri:2, instance:com.manulife.automation.rest_assured_execution.tests.mps.TransactionsTest@77f905e3]" name="getTransactionsTest_MPS" class="com.manulife.automation.rest_assured_execution.tests.mps.TransactionsTest"/>
      </group> <!-- regression -->
    </groups>
    <test started-at="2025-01-22T17:33:20Z" name="Functional API Tests" finished-at="2025-01-22T17:37:56Z" duration-ms="275487">
      <class name="com.manulife.automation.rest_assured_execution.tests.mps.FileUploadTest">
        <test-method is-config="true" signature="setup()[pri:0, instance:com.manulife.automation.rest_assured_execution.tests.mps.FileUploadTest@dd2856e]" started-at="2025-01-22T12:33:38Z" name="setup" finished-at="2025-01-22T12:33:38Z" duration-ms="0" status="PASS">
          <reporter-output>
          </reporter-output>
        </test-method> <!-- setup -->
        <test-method is-config="true" signature="init()[pri:0, instance:com.manulife.automation.rest_assured_execution.tests.mps.FileUploadTest@dd2856e]" started-at="2025-01-22T12:33:38Z" name="init" description="initialize API test" finished-at="2025-01-22T12:33:38Z" duration-ms="11" status="PASS">
          <reporter-output>
          </reporter-output>
        </test-method> <!-- init -->
        <test-method signature="getAccessToken()[pri:0, instance:com.manulife.automation.rest_assured_execution.tests.mps.FileUploadTest@dd2856e]" started-at="2025-01-22T12:33:38Z" name="getAccessToken" description="Get CIAM Access Token" finished-at="2025-01-22T12:33:41Z" duration-ms="3336" status="PASS">
          <reporter-output>
          </reporter-output>
        </test-method> <!-- getAccessToken -->
        <test-method is-config="true" signature="teardown()[pri:0, instance:com.manulife.automation.rest_assured_execution.tests.mps.FileUploadTest@dd2856e]" started-at="2025-01-22T12:33:41Z" name="teardown" finished-at="2025-01-22T12:33:41Z" duration-ms="1" status="PASS">
          <reporter-output>
          </reporter-output>
        </test-method> <!-- teardown -->
        <test-method is-config="true" signature="clearSettings()[pri:0, instance:com.manulife.automation.rest_assured_execution.tests.mps.FileUploadTest@dd2856e]" started-at="2025-01-22T12:33:41Z" name="clearSettings" finished-at="2025-01-22T12:33:41Z" duration-ms="0" status="PASS">
          <reporter-output>
          </reporter-output>
        </test-method> <!-- clearSettings -->
        <test-method is-config="true" signature="setup()[pri:0, instance:com.manulife.automation.rest_assured_execution.tests.mps.FileUploadTest@dd2856e]" started-at="2025-01-22T12:34:17Z" name="setup" finished-at="2025-01-22T12:34:17Z" duration-ms="0" status="PASS">
          <reporter-output>
          </reporter-output>
        </test-method> <!-- setup -->
        <test-method is-config="true" signature="init()[pri:0, instance:com.manulife.automation.rest_assured_execution.tests.mps.FileUploadTest@dd2856e]" started-at="2025-01-22T12:34:17Z" name="init" description="initialize API test" finished-at="2025-01-22T12:34:17Z" duration-ms="8" status="PASS">
          <reporter-output>
          </reporter-output>
        </test-method> <!-- init -->
        <test-method signature="getApimAccessToken()[pri:1, instance:com.manulife.automation.rest_assured_execution.tests.mps.FileUploadTest@dd2856e]" started-at="2025-01-22T12:34:17Z" name="getApimAccessToken" description="Get APIM Access Token" finished-at="2025-01-22T12:34:17Z" duration-ms="291" status="PASS">
          <reporter-output>
          </reporter-output>
        </test-method> <!-- getApimAccessToken -->
        <test-method is-config="true" signature="teardown()[pri:0, instance:com.manulife.automation.rest_assured_execution.tests.mps.FileUploadTest@dd2856e]" started-at="2025-01-22T12:34:17Z" name="teardown" finished-at="2025-01-22T12:34:17Z" duration-ms="0" status="PASS">
          <reporter-output>
          </reporter-output>
        </test-method> <!-- teardown -->
        <test-method is-config="true" signature="clearSettings()[pri:0, instance:com.manulife.automation.rest_assured_execution.tests.mps.FileUploadTest@dd2856e]" started-at="2025-01-22T12:34:17Z" name="clearSettings" finished-at="2025-01-22T12:34:17Z" duration-ms="0" status="PASS">
          <reporter-output>
          </reporter-output>
        </test-method> <!-- clearSettings -->
        <test-method is-config="true" signature="setup()[pri:0, instance:com.manulife.automation.rest_assured_execution.tests.mps.FileUploadTest@dd2856e]" started-at="2025-01-22T12:34:37Z" name="setup" finished-at="2025-01-22T12:34:37Z" duration-ms="0" status="PASS">
          <reporter-output>
          </reporter-output>
        </test-method> <!-- setup -->
        <test-method is-config="true" signature="init()[pri:0, instance:com.manulife.automation.rest_assured_execution.tests.mps.FileUploadTest@dd2856e]" started-at="2025-01-22T12:34:37Z" name="init" description="initialize API test" finished-at="2025-01-22T12:34:37Z" duration-ms="3" status="PASS">
          <reporter-output>
          </reporter-output>
        </test-method> <!-- init -->
        <test-method signature="getFileUploadPolicyStatus_MPS()[pri:2, instance:com.manulife.automation.rest_assured_execution.tests.mps.FileUploadTest@dd2856e]" started-at="2025-01-22T12:34:37Z" name="getFileUploadPolicyStatus_MPS" description="Validate policy status for file upload for MPS" finished-at="2025-01-22T12:34:40Z" duration-ms="2486" status="PASS">
          <reporter-output>
          </reporter-output>
        </test-method> <!-- getFileUploadPolicyStatus_MPS -->
        <test-method is-config="true" signature="teardown()[pri:0, instance:com.manulife.automation.rest_assured_execution.tests.mps.FileUploadTest@dd2856e]" started-at="2025-01-22T12:34:40Z" name="teardown" finished-at="2025-01-22T12:34:40Z" duration-ms="0" status="PASS">
          <reporter-output>
          </reporter-output>
        </test-method> <!-- teardown -->
        <test-method is-config="true" signature="clearSettings()[pri:0, instance:com.manulife.automation.rest_assured_execution.tests.mps.FileUploadTest@dd2856e]" started-at="2025-01-22T12:34:40Z" name="clearSettings" finished-at="2025-01-22T12:34:40Z" duration-ms="1" status="PASS">
          <reporter-output>
          </reporter-output>
        </test-method> <!-- clearSettings -->
        <test-method is-config="true" signature="setup()[pri:0, instance:com.manulife.automation.rest_assured_execution.tests.mps.FileUploadTest@dd2856e]" started-at="2025-01-22T12:35:12Z" name="setup" finished-at="2025-01-22T12:35:12Z" duration-ms="0" status="PASS">
          <reporter-output>
          </reporter-output>
        </test-method> <!-- setup -->
        <test-method is-config="true" signature="init()[pri:0, instance:com.manulife.automation.rest_assured_execution.tests.mps.FileUploadTest@dd2856e]" started-at="2025-01-22T12:35:12Z" name="init" description="initialize API test" finished-at="2025-01-22T12:35:12Z" duration-ms="1" status="PASS">
          <reporter-output>
          </reporter-output>
        </test-method> <!-- init -->
        <test-method signature="postFileUpload_MPS()[pri:3, instance:com.manulife.automation.rest_assured_execution.tests.mps.FileUploadTest@dd2856e]" started-at="2025-01-22T12:35:12Z" name="postFileUpload_MPS" description="Validate post file upload for MPS" finished-at="2025-01-22T12:35:22Z" duration-ms="10376" status="PASS">
          <reporter-output>
          </reporter-output>
        </test-method> <!-- postFileUpload_MPS -->
        <test-method is-config="true" signature="teardown()[pri:0, instance:com.manulife.automation.rest_assured_execution.tests.mps.FileUploadTest@dd2856e]" started-at="2025-01-22T12:35:22Z" name="teardown" finished-at="2025-01-22T12:35:22Z" duration-ms="0" status="PASS">
          <reporter-output>
          </reporter-output>
        </test-method> <!-- teardown -->
        <test-method is-config="true" signature="clearSettings()[pri:0, instance:com.manulife.automation.rest_assured_execution.tests.mps.FileUploadTest@dd2856e]" started-at="2025-01-22T12:35:22Z" name="clearSettings" finished-at="2025-01-22T12:35:22Z" duration-ms="0" status="PASS">
          <reporter-output>
          </reporter-output>
        </test-method> <!-- clearSettings -->
        <test-method is-config="true" signature="setup()[pri:0, instance:com.manulife.automation.rest_assured_execution.tests.mps.FileUploadTest@dd2856e]" started-at="2025-01-22T12:35:44Z" name="setup" finished-at="2025-01-22T12:35:44Z" duration-ms="0" status="PASS">
          <reporter-output>
          </reporter-output>
        </test-method> <!-- setup -->
        <test-method is-config="true" signature="init()[pri:0, instance:com.manulife.automation.rest_assured_execution.tests.mps.FileUploadTest@dd2856e]" started-at="2025-01-22T12:35:44Z" name="init" description="initialize API test" finished-at="2025-01-22T12:35:44Z" duration-ms="1" status="PASS">
          <reporter-output>
          </reporter-output>
        </test-method> <!-- init -->
        <test-method signature="postFileUpload_duplicateFiles_MPS()[pri:4, instance:com.manulife.automation.rest_assured_execution.tests.mps.FileUploadTest@dd2856e]" started-at="2025-01-22T12:35:44Z" name="postFileUpload_duplicateFiles_MPS" description="Validate duplicate files error for file upload MPS" finished-at="2025-01-22T12:35:45Z" duration-ms="925" status="PASS">
          <reporter-output>
          </reporter-output>
        </test-method> <!-- postFileUpload_duplicateFiles_MPS -->
        <test-method is-config="true" signature="teardown()[pri:0, instance:com.manulife.automation.rest_assured_execution.tests.mps.FileUploadTest@dd2856e]" started-at="2025-01-22T12:35:45Z" name="teardown" finished-at="2025-01-22T12:35:45Z" duration-ms="1" status="PASS">
          <reporter-output>
          </reporter-output>
        </test-method> <!-- teardown -->
        <test-method is-config="true" signature="clearSettings()[pri:0, instance:com.manulife.automation.rest_assured_execution.tests.mps.FileUploadTest@dd2856e]" started-at="2025-01-22T12:35:45Z" name="clearSettings" finished-at="2025-01-22T12:35:45Z" duration-ms="0" status="PASS">
          <reporter-output>
          </reporter-output>
        </test-method> <!-- clearSettings -->
        <test-method is-config="true" signature="init()[pri:0, instance:com.manulife.automation.rest_assured_execution.tests.mps.FileUploadTest@dd2856e]" started-at="2025-01-22T12:36:10Z" name="init" description="initialize API test" finished-at="2025-01-22T12:36:10Z" duration-ms="1" status="PASS">
          <reporter-output>
          </reporter-output>
        </test-method> <!-- init -->
        <test-method is-config="true" signature="setup()[pri:0, instance:com.manulife.automation.rest_assured_execution.tests.mps.FileUploadTest@dd2856e]" started-at="2025-01-22T12:36:10Z" name="setup" finished-at="2025-01-22T12:36:10Z" duration-ms="0" status="PASS">
          <reporter-output>
          </reporter-output>
        </test-method> <!-- setup -->
        <test-method signature="postFileUpload_noFiles_MPS()[pri:5, instance:com.manulife.automation.rest_assured_execution.tests.mps.FileUploadTest@dd2856e]" started-at="2025-01-22T12:36:10Z" name="postFileUpload_noFiles_MPS" description="Validate no files error for file upload MPS" finished-at="2025-01-22T12:36:10Z" duration-ms="496" status="PASS">
          <reporter-output>
          </reporter-output>
        </test-method> <!-- postFileUpload_noFiles_MPS -->
        <test-method is-config="true" signature="teardown()[pri:0, instance:com.manulife.automation.rest_assured_execution.tests.mps.FileUploadTest@dd2856e]" started-at="2025-01-22T12:36:10Z" name="teardown" finished-at="2025-01-22T12:36:10Z" duration-ms="1" status="PASS">
          <reporter-output>
          </reporter-output>
        </test-method> <!-- teardown -->
        <test-method is-config="true" signature="clearSettings()[pri:0, instance:com.manulife.automation.rest_assured_execution.tests.mps.FileUploadTest@dd2856e]" started-at="2025-01-22T12:36:10Z" name="clearSettings" finished-at="2025-01-22T12:36:10Z" duration-ms="0" status="PASS">
          <reporter-output>
          </reporter-output>
        </test-method> <!-- clearSettings -->
        <test-method is-config="true" signature="setup()[pri:0, instance:com.manulife.automation.rest_assured_execution.tests.mps.FileUploadTest@dd2856e]" started-at="2025-01-22T12:36:27Z" name="setup" finished-at="2025-01-22T12:36:27Z" duration-ms="0" status="PASS">
          <reporter-output>
          </reporter-output>
        </test-method> <!-- setup -->
        <test-method is-config="true" signature="init()[pri:0, instance:com.manulife.automation.rest_assured_execution.tests.mps.FileUploadTest@dd2856e]" started-at="2025-01-22T12:36:27Z" name="init" description="initialize API test" finished-at="2025-01-22T12:36:27Z" duration-ms="3" status="PASS">
          <reporter-output>
          </reporter-output>
        </test-method> <!-- init -->
        <test-method signature="postFileUpload_invalidFile_MPS()[pri:6, instance:com.manulife.automation.rest_assured_execution.tests.mps.FileUploadTest@dd2856e]" started-at="2025-01-22T12:36:27Z" name="postFileUpload_invalidFile_MPS" description="Validate invalid file format error for file upload MPS" finished-at="2025-01-22T12:36:29Z" duration-ms="2801" status="PASS">
          <reporter-output>
          </reporter-output>
        </test-method> <!-- postFileUpload_invalidFile_MPS -->
        <test-method is-config="true" signature="teardown()[pri:0, instance:com.manulife.automation.rest_assured_execution.tests.mps.FileUploadTest@dd2856e]" started-at="2025-01-22T12:36:29Z" name="teardown" finished-at="2025-01-22T12:36:29Z" duration-ms="0" status="PASS">
          <reporter-output>
          </reporter-output>
        </test-method> <!-- teardown -->
        <test-method is-config="true" signature="clearSettings()[pri:0, instance:com.manulife.automation.rest_assured_execution.tests.mps.FileUploadTest@dd2856e]" started-at="2025-01-22T12:36:29Z" name="clearSettings" finished-at="2025-01-22T12:36:29Z" duration-ms="1" status="PASS">
          <reporter-output>
          </reporter-output>
        </test-method> <!-- clearSettings -->
        <test-method is-config="true" signature="setup()[pri:0, instance:com.manulife.automation.rest_assured_execution.tests.mps.FileUploadTest@dd2856e]" started-at="2025-01-22T12:36:36Z" name="setup" finished-at="2025-01-22T12:36:36Z" duration-ms="0" status="PASS">
          <reporter-output>
          </reporter-output>
        </test-method> <!-- setup -->
        <test-method is-config="true" signature="init()[pri:0, instance:com.manulife.automation.rest_assured_execution.tests.mps.FileUploadTest@dd2856e]" started-at="2025-01-22T12:36:36Z" name="init" description="initialize API test" finished-at="2025-01-22T12:36:36Z" duration-ms="1" status="PASS">
          <reporter-output>
          </reporter-output>
        </test-method> <!-- init -->
        <test-method signature="postFileUpload_maxFile_MPS()[pri:7, instance:com.manulife.automation.rest_assured_execution.tests.mps.FileUploadTest@dd2856e]" started-at="2025-01-22T12:36:36Z" name="postFileUpload_maxFile_MPS" description="Validate max files exceeded error for file upload MPS" finished-at="2025-01-22T12:36:40Z" duration-ms="4153" status="PASS">
          <reporter-output>
          </reporter-output>
        </test-method> <!-- postFileUpload_maxFile_MPS -->
        <test-method is-config="true" signature="teardown()[pri:0, instance:com.manulife.automation.rest_assured_execution.tests.mps.FileUploadTest@dd2856e]" started-at="2025-01-22T12:36:40Z" name="teardown" finished-at="2025-01-22T12:36:40Z" duration-ms="0" status="PASS">
          <reporter-output>
          </reporter-output>
        </test-method> <!-- teardown -->
        <test-method is-config="true" signature="clearSettings()[pri:0, instance:com.manulife.automation.rest_assured_execution.tests.mps.FileUploadTest@dd2856e]" started-at="2025-01-22T12:36:40Z" name="clearSettings" finished-at="2025-01-22T12:36:40Z" duration-ms="0" status="PASS">
          <reporter-output>
          </reporter-output>
        </test-method> <!-- clearSettings -->
        <test-method is-config="true" signature="setup()[pri:0, instance:com.manulife.automation.rest_assured_execution.tests.mps.FileUploadTest@dd2856e]" started-at="2025-01-22T12:36:48Z" name="setup" finished-at="2025-01-22T12:36:48Z" duration-ms="0" status="PASS">
          <reporter-output>
          </reporter-output>
        </test-method> <!-- setup -->
        <test-method is-config="true" signature="init()[pri:0, instance:com.manulife.automation.rest_assured_execution.tests.mps.FileUploadTest@dd2856e]" started-at="2025-01-22T12:36:48Z" name="init" description="initialize API test" finished-at="2025-01-22T12:36:48Z" duration-ms="1" status="PASS">
          <reporter-output>
          </reporter-output>
        </test-method> <!-- init -->
        <test-method signature="postFileUpload_bigFileSize_MPS()[pri:8, instance:com.manulife.automation.rest_assured_execution.tests.mps.FileUploadTest@dd2856e]" started-at="2025-01-22T12:36:48Z" name="postFileUpload_bigFileSize_MPS" description="Validate big file size error for file upload MPS" finished-at="2025-01-22T12:36:50Z" duration-ms="1593" status="PASS">
          <reporter-output>
          </reporter-output>
        </test-method> <!-- postFileUpload_bigFileSize_MPS -->
        <test-method is-config="true" signature="teardown()[pri:0, instance:com.manulife.automation.rest_assured_execution.tests.mps.FileUploadTest@dd2856e]" started-at="2025-01-22T12:36:50Z" name="teardown" finished-at="2025-01-22T12:36:50Z" duration-ms="1" status="PASS">
          <reporter-output>
          </reporter-output>
        </test-method> <!-- teardown -->
        <test-method is-config="true" signature="clearSettings()[pri:0, instance:com.manulife.automation.rest_assured_execution.tests.mps.FileUploadTest@dd2856e]" started-at="2025-01-22T12:36:50Z" name="clearSettings" finished-at="2025-01-22T12:36:50Z" duration-ms="0" status="PASS">
          <reporter-output>
          </reporter-output>
        </test-method> <!-- clearSettings -->
        <test-method is-config="true" signature="setup()[pri:0, instance:com.manulife.automation.rest_assured_execution.tests.mps.FileUploadTest@dd2856e]" started-at="2025-01-22T12:37:20Z" name="setup" finished-at="2025-01-22T12:37:20Z" duration-ms="0" status="PASS">
          <reporter-output>
          </reporter-output>
        </test-method> <!-- setup -->
        <test-method is-config="true" signature="init()[pri:0, instance:com.manulife.automation.rest_assured_execution.tests.mps.FileUploadTest@dd2856e]" started-at="2025-01-22T12:37:20Z" name="init" description="initialize API test" finished-at="2025-01-22T12:37:20Z" duration-ms="1" status="PASS">
          <reporter-output>
          </reporter-output>
        </test-method> <!-- init -->
        <test-method signature="postFileUpload_longFilename_MPS()[pri:9, instance:com.manulife.automation.rest_assured_execution.tests.mps.FileUploadTest@dd2856e]" started-at="2025-01-22T12:37:20Z" name="postFileUpload_longFilename_MPS" description="Validate long filename error for file upload MPS" finished-at="2025-01-22T12:37:20Z" duration-ms="564" status="PASS">
          <reporter-output>
          </reporter-output>
        </test-method> <!-- postFileUpload_longFilename_MPS -->
        <test-method is-config="true" signature="clearSettings()[pri:0, instance:com.manulife.automation.rest_assured_execution.tests.mps.FileUploadTest@dd2856e]" started-at="2025-01-22T12:37:20Z" name="clearSettings" finished-at="2025-01-22T12:37:20Z" duration-ms="1" status="PASS">
          <reporter-output>
          </reporter-output>
        </test-method> <!-- clearSettings -->
        <test-method is-config="true" signature="teardown()[pri:0, instance:com.manulife.automation.rest_assured_execution.tests.mps.FileUploadTest@dd2856e]" started-at="2025-01-22T12:37:20Z" name="teardown" finished-at="2025-01-22T12:37:20Z" duration-ms="0" status="PASS">
          <reporter-output>
          </reporter-output>
        </test-method> <!-- teardown -->
      </class> <!-- com.manulife.automation.rest_assured_execution.tests.mps.FileUploadTest -->
      <class name="com.manulife.automation.rest_assured_execution.tests.mps.AssetBalanceTest">
        <test-method is-config="true" signature="setup()[pri:0, instance:com.manulife.automation.rest_assured_execution.tests.mps.AssetBalanceTest@4833eff3]" started-at="2025-01-22T12:33:21Z" name="setup" finished-at="2025-01-22T12:33:21Z" duration-ms="17" status="PASS">
          <reporter-output>
          </reporter-output>
        </test-method> <!-- setup -->
        <test-method is-config="true" signature="init()[pri:0, instance:com.manulife.automation.rest_assured_execution.tests.mps.AssetBalanceTest@4833eff3]" started-at="2025-01-22T12:33:21Z" name="init" description="initialize API test" finished-at="2025-01-22T12:33:22Z" duration-ms="1494" status="PASS">
          <reporter-output>
          </reporter-output>
        </test-method> <!-- init -->
        <test-method signature="getAccessToken()[pri:0, instance:com.manulife.automation.rest_assured_execution.tests.mps.AssetBalanceTest@4833eff3]" started-at="2025-01-22T12:33:22Z" name="getAccessToken" description="Get CIAM Access Token" finished-at="2025-01-22T12:33:29Z" duration-ms="7124" status="PASS">
          <reporter-output>
          </reporter-output>
        </test-method> <!-- getAccessToken -->
        <test-method is-config="true" signature="teardown()[pri:0, instance:com.manulife.automation.rest_assured_execution.tests.mps.AssetBalanceTest@4833eff3]" started-at="2025-01-22T12:33:30Z" name="teardown" finished-at="2025-01-22T12:33:30Z" duration-ms="5" status="PASS">
          <reporter-output>
          </reporter-output>
        </test-method> <!-- teardown -->
        <test-method is-config="true" signature="clearSettings()[pri:0, instance:com.manulife.automation.rest_assured_execution.tests.mps.AssetBalanceTest@4833eff3]" started-at="2025-01-22T12:33:30Z" name="clearSettings" finished-at="2025-01-22T12:33:30Z" duration-ms="0" status="PASS">
          <reporter-output>
          </reporter-output>
        </test-method> <!-- clearSettings -->
        <test-method is-config="true" signature="init()[pri:0, instance:com.manulife.automation.rest_assured_execution.tests.mps.AssetBalanceTest@4833eff3]" started-at="2025-01-22T12:34:16Z" name="init" description="initialize API test" finished-at="2025-01-22T12:34:16Z" duration-ms="1" status="PASS">
          <reporter-output>
          </reporter-output>
        </test-method> <!-- init -->
        <test-method is-config="true" signature="setup()[pri:0, instance:com.manulife.automation.rest_assured_execution.tests.mps.AssetBalanceTest@4833eff3]" started-at="2025-01-22T12:34:16Z" name="setup" finished-at="2025-01-22T12:34:16Z" duration-ms="0" status="PASS">
          <reporter-output>
          </reporter-output>
        </test-method> <!-- setup -->
        <test-method signature="getApimAccessToken()[pri:1, instance:com.manulife.automation.rest_assured_execution.tests.mps.AssetBalanceTest@4833eff3]" started-at="2025-01-22T12:34:16Z" name="getApimAccessToken" description="Get APIM Access Token" finished-at="2025-01-22T12:34:16Z" duration-ms="375" status="PASS">
          <reporter-output>
          </reporter-output>
        </test-method> <!-- getApimAccessToken -->
        <test-method is-config="true" signature="clearSettings()[pri:0, instance:com.manulife.automation.rest_assured_execution.tests.mps.AssetBalanceTest@4833eff3]" started-at="2025-01-22T12:34:16Z" name="clearSettings" finished-at="2025-01-22T12:34:16Z" duration-ms="1" status="PASS">
          <reporter-output>
          </reporter-output>
        </test-method> <!-- clearSettings -->
        <test-method is-config="true" signature="teardown()[pri:0, instance:com.manulife.automation.rest_assured_execution.tests.mps.AssetBalanceTest@4833eff3]" started-at="2025-01-22T12:34:16Z" name="teardown" finished-at="2025-01-22T12:34:16Z" duration-ms="0" status="PASS">
          <reporter-output>
          </reporter-output>
        </test-method> <!-- teardown -->
        <test-method is-config="true" signature="setup()[pri:0, instance:com.manulife.automation.rest_assured_execution.tests.mps.AssetBalanceTest@4833eff3]" started-at="2025-01-22T12:34:22Z" name="setup" finished-at="2025-01-22T12:34:22Z" duration-ms="0" status="PASS">
          <reporter-output>
          </reporter-output>
        </test-method> <!-- setup -->
        <test-method is-config="true" signature="init()[pri:0, instance:com.manulife.automation.rest_assured_execution.tests.mps.AssetBalanceTest@4833eff3]" started-at="2025-01-22T12:34:22Z" name="init" description="initialize API test" finished-at="2025-01-22T12:34:22Z" duration-ms="1" status="PASS">
          <reporter-output>
          </reporter-output>
        </test-method> <!-- init -->
        <test-method signature="getAssetBalanceTest_MPS()[pri:2, instance:com.manulife.automation.rest_assured_execution.tests.mps.AssetBalanceTest@4833eff3]" started-at="2025-01-22T12:34:22Z" name="getAssetBalanceTest_MPS" description="Validate Asset Balance plans for MPS" finished-at="2025-01-22T12:34:32Z" duration-ms="10550" status="PASS">
          <reporter-output>
          </reporter-output>
        </test-method> <!-- getAssetBalanceTest_MPS -->
        <test-method is-config="true" signature="teardown()[pri:0, instance:com.manulife.automation.rest_assured_execution.tests.mps.AssetBalanceTest@4833eff3]" started-at="2025-01-22T12:34:32Z" name="teardown" finished-at="2025-01-22T12:34:32Z" duration-ms="2" status="PASS">
          <reporter-output>
          </reporter-output>
        </test-method> <!-- teardown -->
        <test-method is-config="true" signature="clearSettings()[pri:0, instance:com.manulife.automation.rest_assured_execution.tests.mps.AssetBalanceTest@4833eff3]" started-at="2025-01-22T12:34:32Z" name="clearSettings" finished-at="2025-01-22T12:34:32Z" duration-ms="0" status="PASS">
          <reporter-output>
          </reporter-output>
        </test-method> <!-- clearSettings -->
      </class> <!-- com.manulife.automation.rest_assured_execution.tests.mps.AssetBalanceTest -->
      <class name="com.manulife.automation.rest_assured_execution.tests.mps.ContributionsTest">
        <test-method is-config="true" signature="setup()[pri:0, instance:com.manulife.automation.rest_assured_execution.tests.mps.ContributionsTest@338766de]" started-at="2025-01-22T12:33:58Z" name="setup" finished-at="2025-01-22T12:33:58Z" duration-ms="0" status="PASS">
          <reporter-output>
          </reporter-output>
        </test-method> <!-- setup -->
        <test-method is-config="true" signature="init()[pri:0, instance:com.manulife.automation.rest_assured_execution.tests.mps.ContributionsTest@338766de]" started-at="2025-01-22T12:33:58Z" name="init" description="initialize API test" finished-at="2025-01-22T12:33:58Z" duration-ms="1" status="PASS">
          <reporter-output>
          </reporter-output>
        </test-method> <!-- init -->
        <test-method signature="getAccessToken()[pri:0, instance:com.manulife.automation.rest_assured_execution.tests.mps.ContributionsTest@338766de]" started-at="2025-01-22T12:33:58Z" name="getAccessToken" description="Get CIAM Access Token" finished-at="2025-01-22T12:34:01Z" duration-ms="2299" status="PASS">
          <reporter-output>
          </reporter-output>
        </test-method> <!-- getAccessToken -->
        <test-method is-config="true" signature="teardown()[pri:0, instance:com.manulife.automation.rest_assured_execution.tests.mps.ContributionsTest@338766de]" started-at="2025-01-22T12:34:01Z" name="teardown" finished-at="2025-01-22T12:34:01Z" duration-ms="0" status="PASS">
          <reporter-output>
          </reporter-output>
        </test-method> <!-- teardown -->
        <test-method is-config="true" signature="clearSettings()[pri:0, instance:com.manulife.automation.rest_assured_execution.tests.mps.ContributionsTest@338766de]" started-at="2025-01-22T12:34:01Z" name="clearSettings" finished-at="2025-01-22T12:34:01Z" duration-ms="0" status="PASS">
          <reporter-output>
          </reporter-output>
        </test-method> <!-- clearSettings -->
        <test-method is-config="true" signature="setup()[pri:0, instance:com.manulife.automation.rest_assured_execution.tests.mps.ContributionsTest@338766de]" started-at="2025-01-22T12:34:19Z" name="setup" finished-at="2025-01-22T12:34:19Z" duration-ms="0" status="PASS">
          <reporter-output>
          </reporter-output>
        </test-method> <!-- setup -->
        <test-method is-config="true" signature="init()[pri:0, instance:com.manulife.automation.rest_assured_execution.tests.mps.ContributionsTest@338766de]" started-at="2025-01-22T12:34:19Z" name="init" description="initialize API test" finished-at="2025-01-22T12:34:19Z" duration-ms="1" status="PASS">
          <reporter-output>
          </reporter-output>
        </test-method> <!-- init -->
        <test-method signature="getApimAccessToken()[pri:1, instance:com.manulife.automation.rest_assured_execution.tests.mps.ContributionsTest@338766de]" started-at="2025-01-22T12:34:19Z" name="getApimAccessToken" description="Get APIM Access Token" finished-at="2025-01-22T12:34:20Z" duration-ms="298" status="PASS">
          <reporter-output>
          </reporter-output>
        </test-method> <!-- getApimAccessToken -->
        <test-method is-config="true" signature="teardown()[pri:0, instance:com.manulife.automation.rest_assured_execution.tests.mps.ContributionsTest@338766de]" started-at="2025-01-22T12:34:20Z" name="teardown" finished-at="2025-01-22T12:34:20Z" duration-ms="1" status="PASS">
          <reporter-output>
          </reporter-output>
        </test-method> <!-- teardown -->
        <test-method is-config="true" signature="clearSettings()[pri:0, instance:com.manulife.automation.rest_assured_execution.tests.mps.ContributionsTest@338766de]" started-at="2025-01-22T12:34:20Z" name="clearSettings" finished-at="2025-01-22T12:34:20Z" duration-ms="0" status="PASS">
          <reporter-output>
          </reporter-output>
        </test-method> <!-- clearSettings -->
        <test-method is-config="true" signature="setup()[pri:0, instance:com.manulife.automation.rest_assured_execution.tests.mps.ContributionsTest@338766de]" started-at="2025-01-22T12:34:53Z" name="setup" finished-at="2025-01-22T12:34:53Z" duration-ms="0" status="PASS">
          <reporter-output>
          </reporter-output>
        </test-method> <!-- setup -->
        <test-method is-config="true" signature="init()[pri:0, instance:com.manulife.automation.rest_assured_execution.tests.mps.ContributionsTest@338766de]" started-at="2025-01-22T12:34:53Z" name="init" description="initialize API test" finished-at="2025-01-22T12:34:53Z" duration-ms="1" status="PASS">
          <reporter-output>
          </reporter-output>
        </test-method> <!-- init -->
        <test-method signature="getContributionsTest_MPS()[pri:2, instance:com.manulife.automation.rest_assured_execution.tests.mps.ContributionsTest@338766de]" started-at="2025-01-22T12:34:53Z" name="getContributionsTest_MPS" description="Validate contributions for MPS" finished-at="2025-01-22T12:34:57Z" duration-ms="4276" status="PASS">
          <reporter-output>
          </reporter-output>
        </test-method> <!-- getContributionsTest_MPS -->
        <test-method is-config="true" signature="teardown()[pri:0, instance:com.manulife.automation.rest_assured_execution.tests.mps.ContributionsTest@338766de]" started-at="2025-01-22T12:34:58Z" name="teardown" finished-at="2025-01-22T12:34:58Z" duration-ms="1" status="PASS">
          <reporter-output>
          </reporter-output>
        </test-method> <!-- teardown -->
        <test-method is-config="true" signature="clearSettings()[pri:0, instance:com.manulife.automation.rest_assured_execution.tests.mps.ContributionsTest@338766de]" started-at="2025-01-22T12:34:58Z" name="clearSettings" finished-at="2025-01-22T12:34:58Z" duration-ms="1" status="PASS">
          <reporter-output>
          </reporter-output>
        </test-method> <!-- clearSettings -->
      </class> <!-- com.manulife.automation.rest_assured_execution.tests.mps.ContributionsTest -->
      <class name="com.manulife.automation.rest_assured_execution.tests.mps.SerpTest">
        <test-method is-config="true" signature="setup()[pri:0, instance:com.manulife.automation.rest_assured_execution.tests.mps.SerpTest@60dd0587]" started-at="2025-01-22T12:33:50Z" name="setup" finished-at="2025-01-22T12:33:50Z" duration-ms="0" status="PASS">
          <reporter-output>
          </reporter-output>
        </test-method> <!-- setup -->
        <test-method is-config="true" signature="init()[pri:0, instance:com.manulife.automation.rest_assured_execution.tests.mps.SerpTest@60dd0587]" started-at="2025-01-22T12:33:50Z" name="init" description="initialize API test" finished-at="2025-01-22T12:33:50Z" duration-ms="2" status="PASS">
          <reporter-output>
          </reporter-output>
        </test-method> <!-- init -->
        <test-method signature="getAccessToken()[pri:0, instance:com.manulife.automation.rest_assured_execution.tests.mps.SerpTest@60dd0587]" started-at="2025-01-22T12:33:50Z" name="getAccessToken" description="Get CIAM Access Token" finished-at="2025-01-22T12:33:53Z" duration-ms="2536" status="PASS">
          <reporter-output>
          </reporter-output>
        </test-method> <!-- getAccessToken -->
        <test-method is-config="true" signature="teardown()[pri:0, instance:com.manulife.automation.rest_assured_execution.tests.mps.SerpTest@60dd0587]" started-at="2025-01-22T12:33:53Z" name="teardown" finished-at="2025-01-22T12:33:53Z" duration-ms="1" status="PASS">
          <reporter-output>
          </reporter-output>
        </test-method> <!-- teardown -->
        <test-method is-config="true" signature="clearSettings()[pri:0, instance:com.manulife.automation.rest_assured_execution.tests.mps.SerpTest@60dd0587]" started-at="2025-01-22T12:33:53Z" name="clearSettings" finished-at="2025-01-22T12:33:53Z" duration-ms="0" status="PASS">
          <reporter-output>
          </reporter-output>
        </test-method> <!-- clearSettings -->
        <test-method is-config="true" signature="setup()[pri:0, instance:com.manulife.automation.rest_assured_execution.tests.mps.SerpTest@60dd0587]" started-at="2025-01-22T12:34:18Z" name="setup" finished-at="2025-01-22T12:34:18Z" duration-ms="0" status="PASS">
          <reporter-output>
          </reporter-output>
        </test-method> <!-- setup -->
        <test-method is-config="true" signature="init()[pri:0, instance:com.manulife.automation.rest_assured_execution.tests.mps.SerpTest@60dd0587]" started-at="2025-01-22T12:34:18Z" name="init" description="initialize API test" finished-at="2025-01-22T12:34:18Z" duration-ms="1" status="PASS">
          <reporter-output>
          </reporter-output>
        </test-method> <!-- init -->
        <test-method signature="getApimAccessToken()[pri:1, instance:com.manulife.automation.rest_assured_execution.tests.mps.SerpTest@60dd0587]" started-at="2025-01-22T12:34:18Z" name="getApimAccessToken" description="Get APIM Access Token" finished-at="2025-01-22T12:34:19Z" duration-ms="372" status="PASS">
          <reporter-output>
          </reporter-output>
        </test-method> <!-- getApimAccessToken -->
        <test-method is-config="true" signature="clearSettings()[pri:0, instance:com.manulife.automation.rest_assured_execution.tests.mps.SerpTest@60dd0587]" started-at="2025-01-22T12:34:19Z" name="clearSettings" finished-at="2025-01-22T12:34:19Z" duration-ms="0" status="PASS">
          <reporter-output>
          </reporter-output>
        </test-method> <!-- clearSettings -->
        <test-method is-config="true" signature="teardown()[pri:0, instance:com.manulife.automation.rest_assured_execution.tests.mps.SerpTest@60dd0587]" started-at="2025-01-22T12:34:19Z" name="teardown" finished-at="2025-01-22T12:34:19Z" duration-ms="0" status="PASS">
          <reporter-output>
          </reporter-output>
        </test-method> <!-- teardown -->
        <test-method is-config="true" signature="setup()[pri:0, instance:com.manulife.automation.rest_assured_execution.tests.mps.SerpTest@60dd0587]" started-at="2025-01-22T12:34:46Z" name="setup" finished-at="2025-01-22T12:34:46Z" duration-ms="0" status="PASS">
          <reporter-output>
          </reporter-output>
        </test-method> <!-- setup -->
        <test-method is-config="true" signature="init()[pri:0, instance:com.manulife.automation.rest_assured_execution.tests.mps.SerpTest@60dd0587]" started-at="2025-01-22T12:34:46Z" name="init" description="initialize API test" finished-at="2025-01-22T12:34:46Z" duration-ms="1" status="PASS">
          <reporter-output>
          </reporter-output>
        </test-method> <!-- init -->
        <test-method signature="getNotAuthorizedSerp_MPS()[pri:2, instance:com.manulife.automation.rest_assured_execution.tests.mps.SerpTest@60dd0587]" started-at="2025-01-22T12:34:46Z" name="getNotAuthorizedSerp_MPS" description="Validate member not authorized for SERP for MPS" finished-at="2025-01-22T12:34:48Z" duration-ms="1329" status="PASS">
          <reporter-output>
          </reporter-output>
        </test-method> <!-- getNotAuthorizedSerp_MPS -->
        <test-method is-config="true" signature="teardown()[pri:0, instance:com.manulife.automation.rest_assured_execution.tests.mps.SerpTest@60dd0587]" started-at="2025-01-22T12:34:48Z" name="teardown" finished-at="2025-01-22T12:34:48Z" duration-ms="0" status="PASS">
          <reporter-output>
          </reporter-output>
        </test-method> <!-- teardown -->
        <test-method is-config="true" signature="clearSettings()[pri:0, instance:com.manulife.automation.rest_assured_execution.tests.mps.SerpTest@60dd0587]" started-at="2025-01-22T12:34:48Z" name="clearSettings" finished-at="2025-01-22T12:34:48Z" duration-ms="0" status="PASS">
          <reporter-output>
          </reporter-output>
        </test-method> <!-- clearSettings -->
        <test-method is-config="true" signature="init()[pri:0, instance:com.manulife.automation.rest_assured_execution.tests.mps.SerpTest@60dd0587]" started-at="2025-01-22T12:35:24Z" name="init" description="initialize API test" finished-at="2025-01-22T12:35:24Z" duration-ms="9" status="PASS">
          <reporter-output>
          </reporter-output>
        </test-method> <!-- init -->
        <test-method is-config="true" signature="setup()[pri:0, instance:com.manulife.automation.rest_assured_execution.tests.mps.SerpTest@60dd0587]" started-at="2025-01-22T12:35:24Z" name="setup" finished-at="2025-01-22T12:35:24Z" duration-ms="0" status="PASS">
          <reporter-output>
          </reporter-output>
        </test-method> <!-- setup -->
        <test-method signature="getSerpMessagesTest_MPS()[pri:3, instance:com.manulife.automation.rest_assured_execution.tests.mps.SerpTest@60dd0587]" started-at="2025-01-22T12:35:24Z" name="getSerpMessagesTest_MPS" description="Validate serp messages for MPS" finished-at="2025-01-22T12:35:27Z" duration-ms="2790" status="PASS">
          <reporter-output>
          </reporter-output>
        </test-method> <!-- getSerpMessagesTest_MPS -->
        <test-method is-config="true" signature="clearSettings()[pri:0, instance:com.manulife.automation.rest_assured_execution.tests.mps.SerpTest@60dd0587]" started-at="2025-01-22T12:35:27Z" name="clearSettings" finished-at="2025-01-22T12:35:27Z" duration-ms="1" status="PASS">
          <reporter-output>
          </reporter-output>
        </test-method> <!-- clearSettings -->
        <test-method is-config="true" signature="teardown()[pri:0, instance:com.manulife.automation.rest_assured_execution.tests.mps.SerpTest@60dd0587]" started-at="2025-01-22T12:35:27Z" name="teardown" finished-at="2025-01-22T12:35:27Z" duration-ms="0" status="PASS">
          <reporter-output>
          </reporter-output>
        </test-method> <!-- teardown -->
        <test-method is-config="true" signature="setup()[pri:0, instance:com.manulife.automation.rest_assured_execution.tests.mps.SerpTest@60dd0587]" started-at="2025-01-22T12:35:55Z" name="setup" finished-at="2025-01-22T12:35:55Z" duration-ms="0" status="PASS">
          <reporter-output>
          </reporter-output>
        </test-method> <!-- setup -->
        <test-method is-config="true" signature="init()[pri:0, instance:com.manulife.automation.rest_assured_execution.tests.mps.SerpTest@60dd0587]" started-at="2025-01-22T12:35:55Z" name="init" description="initialize API test" finished-at="2025-01-22T12:35:55Z" duration-ms="2" status="PASS">
          <reporter-output>
          </reporter-output>
        </test-method> <!-- init -->
        <test-method signature="getSerpDetailsTest_MPS()[pri:4, instance:com.manulife.automation.rest_assured_execution.tests.mps.SerpTest@60dd0587]" started-at="2025-01-22T12:35:55Z" name="getSerpDetailsTest_MPS" description="Validate serp details for MPS" finished-at="2025-01-22T12:35:57Z" duration-ms="1470" status="PASS">
          <reporter-output>
          </reporter-output>
        </test-method> <!-- getSerpDetailsTest_MPS -->
        <test-method is-config="true" signature="teardown()[pri:0, instance:com.manulife.automation.rest_assured_execution.tests.mps.SerpTest@60dd0587]" started-at="2025-01-22T12:35:57Z" name="teardown" finished-at="2025-01-22T12:35:57Z" duration-ms="3" status="PASS">
          <reporter-output>
          </reporter-output>
        </test-method> <!-- teardown -->
        <test-method is-config="true" signature="clearSettings()[pri:0, instance:com.manulife.automation.rest_assured_execution.tests.mps.SerpTest@60dd0587]" started-at="2025-01-22T12:35:57Z" name="clearSettings" finished-at="2025-01-22T12:35:57Z" duration-ms="0" status="PASS">
          <reporter-output>
          </reporter-output>
        </test-method> <!-- clearSettings -->
[...]
          <reporter-output>
          </reporter-output>
        </test-method> <!-- setup -->
        <test-method is-config="true" signature="init()[pri:0, instance:com.manulife.automation.rest_assured_execution.tests.mps.BankInfoTest@56928e17]" started-at="2025-01-22T12:34:34Z" name="init" description="initialize API test" finished-at="2025-01-22T12:34:34Z" duration-ms="12" status="PASS">
          <reporter-output>
          </reporter-output>
        </test-method> <!-- init -->
        <test-method signature="postBankInfo_MPS()[pri:2, instance:com.manulife.automation.rest_assured_execution.tests.mps.BankInfoTest@56928e17]" started-at="2025-01-22T12:34:34Z" name="postBankInfo_MPS" description="Validate post bank info for MPS" finished-at="2025-01-22T12:34:37Z" duration-ms="2739" status="PASS">
          <reporter-output>
          </reporter-output>
        </test-method> <!-- postBankInfo_MPS -->
        <test-method is-config="true" signature="teardown()[pri:0, instance:com.manulife.automation.rest_assured_execution.tests.mps.BankInfoTest@56928e17]" started-at="2025-01-22T12:34:37Z" name="teardown" finished-at="2025-01-22T12:34:37Z" duration-ms="0" status="PASS">
          <reporter-output>
          </reporter-output>
        </test-method> <!-- teardown -->
        <test-method is-config="true" signature="clearSettings()[pri:0, instance:com.manulife.automation.rest_assured_execution.tests.mps.BankInfoTest@56928e17]" started-at="2025-01-22T12:34:37Z" name="clearSettings" finished-at="2025-01-22T12:34:37Z" duration-ms="0" status="PASS">
          <reporter-output>
          </reporter-output>
        </test-method> <!-- clearSettings -->
        <test-method is-config="true" signature="setup()[pri:0, instance:com.manulife.automation.rest_assured_execution.tests.mps.BankInfoTest@56928e17]" started-at="2025-01-22T12:35:10Z" name="setup" finished-at="2025-01-22T12:35:10Z" duration-ms="0" status="PASS">
          <reporter-output>
          </reporter-output>
        </test-method> <!-- setup -->
        <test-method is-config="true" signature="init()[pri:0, instance:com.manulife.automation.rest_assured_execution.tests.mps.BankInfoTest@56928e17]" started-at="2025-01-22T12:35:10Z" name="init" description="initialize API test" finished-at="2025-01-22T12:35:10Z" duration-ms="3" status="PASS">
          <reporter-output>
          </reporter-output>
        </test-method> <!-- init -->
        <test-method signature="getBankInfo_verified_accounts_MPS()[pri:3, instance:com.manulife.automation.rest_assured_execution.tests.mps.BankInfoTest@56928e17]" started-at="2025-01-22T12:35:10Z" name="getBankInfo_verified_accounts_MPS" description="Validate get bank info for MPS for verified accounts" finished-at="2025-01-22T12:35:12Z" duration-ms="1590" status="PASS">
          <reporter-output>
          </reporter-output>
        </test-method> <!-- getBankInfo_verified_accounts_MPS -->
        <test-method is-config="true" signature="teardown()[pri:0, instance:com.manulife.automation.rest_assured_execution.tests.mps.BankInfoTest@56928e17]" started-at="2025-01-22T12:35:12Z" name="teardown" finished-at="2025-01-22T12:35:12Z" duration-ms="0" status="PASS">
          <reporter-output>
          </reporter-output>
        </test-method> <!-- teardown -->
        <test-method is-config="true" signature="clearSettings()[pri:0, instance:com.manulife.automation.rest_assured_execution.tests.mps.BankInfoTest@56928e17]" started-at="2025-01-22T12:35:12Z" name="clearSettings" finished-at="2025-01-22T12:35:12Z" duration-ms="0" status="PASS">
          <reporter-output>
          </reporter-output>
        </test-method> <!-- clearSettings -->
        <test-method is-config="true" signature="setup()[pri:0, instance:com.manulife.automation.rest_assured_execution.tests.mps.BankInfoTest@56928e17]" started-at="2025-01-22T12:35:43Z" name="setup" finished-at="2025-01-22T12:35:43Z" duration-ms="0" status="PASS">
          <reporter-output>
          </reporter-output>
        </test-method> <!-- setup -->
        <test-method is-config="true" signature="init()[pri:0, instance:com.manulife.automation.rest_assured_execution.tests.mps.BankInfoTest@56928e17]" started-at="2025-01-22T12:35:43Z" name="init" description="initialize API test" finished-at="2025-01-22T12:35:43Z" duration-ms="0" status="PASS">
          <reporter-output>
          </reporter-output>
        </test-method> <!-- init -->
        <test-method signature="postBankInfo_duplicateAccount_MPS()[pri:4, instance:com.manulife.automation.rest_assured_execution.tests.mps.BankInfoTest@56928e17]" started-at="2025-01-22T12:35:43Z" name="postBankInfo_duplicateAccount_MPS" description="Validate post bank info for duplicate account" finished-at="2025-01-22T12:35:44Z" duration-ms="473" status="PASS">
          <reporter-output>
          </reporter-output>
        </test-method> <!-- postBankInfo_duplicateAccount_MPS -->
        <test-method is-config="true" signature="teardown()[pri:0, instance:com.manulife.automation.rest_assured_execution.tests.mps.BankInfoTest@56928e17]" started-at="2025-01-22T12:35:44Z" name="teardown" finished-at="2025-01-22T12:35:44Z" duration-ms="0" status="PASS">
          <reporter-output>
          </reporter-output>
        </test-method> <!-- teardown -->
        <test-method is-config="true" signature="clearSettings()[pri:0, instance:com.manulife.automation.rest_assured_execution.tests.mps.BankInfoTest@56928e17]" started-at="2025-01-22T12:35:44Z" name="clearSettings" finished-at="2025-01-22T12:35:44Z" duration-ms="0" status="PASS">
          <reporter-output>
          </reporter-output>
        </test-method> <!-- clearSettings -->
        <test-method is-config="true" signature="setup()[pri:0, instance:com.manulife.automation.rest_assured_execution.tests.mps.BankInfoTest@56928e17]" started-at="2025-01-22T12:36:09Z" name="setup" finished-at="2025-01-22T12:36:09Z" duration-ms="0" status="PASS">
          <reporter-output>
          </reporter-output>
        </test-method> <!-- setup -->
        <test-method is-config="true" signature="init()[pri:0, instance:com.manulife.automation.rest_assured_execution.tests.mps.BankInfoTest@56928e17]" started-at="2025-01-22T12:36:09Z" name="init" description="initialize API test" finished-at="2025-01-22T12:36:09Z" duration-ms="1" status="PASS">
          <reporter-output>
          </reporter-output>
        </test-method> <!-- init -->
        <test-method signature="postBankInfo_pendingAccount_MPS()[pri:5, instance:com.manulife.automation.rest_assured_execution.tests.mps.BankInfoTest@56928e17]" started-at="2025-01-22T12:36:09Z" name="postBankInfo_pendingAccount_MPS" description="Validate post bank info for pending account" finished-at="2025-01-22T12:36:10Z" duration-ms="600" status="PASS">
          <reporter-output>
          </reporter-output>
        </test-method> <!-- postBankInfo_pendingAccount_MPS -->
        <test-method is-config="true" signature="teardown()[pri:0, instance:com.manulife.automation.rest_assured_execution.tests.mps.BankInfoTest@56928e17]" started-at="2025-01-22T12:36:10Z" name="teardown" finished-at="2025-01-22T12:36:10Z" duration-ms="0" status="PASS">
          <reporter-output>
          </reporter-output>
        </test-method> <!-- teardown -->
        <test-method is-config="true" signature="clearSettings()[pri:0, instance:com.manulife.automation.rest_assured_execution.tests.mps.BankInfoTest@56928e17]" started-at="2025-01-22T12:36:10Z" name="clearSettings" finished-at="2025-01-22T12:36:10Z" duration-ms="0" status="PASS">
          <reporter-output>
          </reporter-output>
        </test-method> <!-- clearSettings -->
        <test-method is-config="true" signature="setup()[pri:0, instance:com.manulife.automation.rest_assured_execution.tests.mps.BankInfoTest@56928e17]" started-at="2025-01-22T12:36:26Z" name="setup" finished-at="2025-01-22T12:36:26Z" duration-ms="0" status="PASS">
          <reporter-output>
          </reporter-output>
        </test-method> <!-- setup -->
        <test-method is-config="true" signature="init()[pri:0, instance:com.manulife.automation.rest_assured_execution.tests.mps.BankInfoTest@56928e17]" started-at="2025-01-22T12:36:26Z" name="init" description="initialize API test" finished-at="2025-01-22T12:36:26Z" duration-ms="1" status="PASS">
          <reporter-output>
          </reporter-output>
        </test-method> <!-- init -->
        <test-method signature="postBankInfo_invalidBankDetails_MPS()[pri:6, instance:com.manulife.automation.rest_assured_execution.tests.mps.BankInfoTest@56928e17]" started-at="2025-01-22T12:36:26Z" name="postBankInfo_invalidBankDetails_MPS" description="Validate post bank info for invalid bank details" finished-at="2025-01-22T12:36:27Z" duration-ms="811" status="PASS">
          <reporter-output>
          </reporter-output>
        </test-method> <!-- postBankInfo_invalidBankDetails_MPS -->
        <test-method is-config="true" signature="teardown()[pri:0, instance:com.manulife.automation.rest_assured_execution.tests.mps.BankInfoTest@56928e17]" started-at="2025-01-22T12:36:27Z" name="teardown" finished-at="2025-01-22T12:36:27Z" duration-ms="0" status="PASS">
          <reporter-output>
          </reporter-output>
        </test-method> <!-- teardown -->
        <test-method is-config="true" signature="clearSettings()[pri:0, instance:com.manulife.automation.rest_assured_execution.tests.mps.BankInfoTest@56928e17]" started-at="2025-01-22T12:36:27Z" name="clearSettings" finished-at="2025-01-22T12:36:27Z" duration-ms="1" status="PASS">
          <reporter-output>
          </reporter-output>
        </test-method> <!-- clearSettings -->
        <test-method is-config="true" signature="setup()[pri:0, instance:com.manulife.automation.rest_assured_execution.tests.mps.BankInfoTest@56928e17]" started-at="2025-01-22T12:36:36Z" name="setup" finished-at="2025-01-22T12:36:36Z" duration-ms="0" status="PASS">
          <reporter-output>
          </reporter-output>
        </test-method> <!-- setup -->
        <test-method is-config="true" signature="init()[pri:0, instance:com.manulife.automation.rest_assured_execution.tests.mps.BankInfoTest@56928e17]" started-at="2025-01-22T12:36:36Z" name="init" description="initialize API test" finished-at="2025-01-22T12:36:36Z" duration-ms="1" status="PASS">
          <reporter-output>
          </reporter-output>
        </test-method> <!-- init -->
        <test-method signature="postBankInfo_invalidTransitNumber_MPS()[pri:7, instance:com.manulife.automation.rest_assured_execution.tests.mps.BankInfoTest@56928e17]" started-at="2025-01-22T12:36:36Z" name="postBankInfo_invalidTransitNumber_MPS" description="Validate post bank info for transit number greater than 5 characters" finished-at="2025-01-22T12:36:36Z" duration-ms="321" status="PASS">
          <reporter-output>
          </reporter-output>
        </test-method> <!-- postBankInfo_invalidTransitNumber_MPS -->
        <test-method is-config="true" signature="teardown()[pri:0, instance:com.manulife.automation.rest_assured_execution.tests.mps.BankInfoTest@56928e17]" started-at="2025-01-22T12:36:36Z" name="teardown" finished-at="2025-01-22T12:36:36Z" duration-ms="0" status="PASS">
          <reporter-output>
          </reporter-output>
        </test-method> <!-- teardown -->
        <test-method is-config="true" signature="clearSettings()[pri:0, instance:com.manulife.automation.rest_assured_execution.tests.mps.BankInfoTest@56928e17]" started-at="2025-01-22T12:36:36Z" name="clearSettings" finished-at="2025-01-22T12:36:36Z" duration-ms="0" status="PASS">
          <reporter-output>
          </reporter-output>
        </test-method> <!-- clearSettings -->
        <test-method is-config="true" signature="setup()[pri:0, instance:com.manulife.automation.rest_assured_execution.tests.mps.BankInfoTest@56928e17]" started-at="2025-01-22T12:36:47Z" name="setup" finished-at="2025-01-22T12:36:47Z" duration-ms="0" status="PASS">
          <reporter-output>
          </reporter-output>
        </test-method> <!-- setup -->
        <test-method is-config="true" signature="init()[pri:0, instance:com.manulife.automation.rest_assured_execution.tests.mps.BankInfoTest@56928e17]" started-at="2025-01-22T12:36:47Z" name="init" description="initialize API test" finished-at="2025-01-22T12:36:47Z" duration-ms="9" status="PASS">
          <reporter-output>
          </reporter-output>
        </test-method> <!-- init -->
        <test-method signature="getBankInfo_pending_accounts_MPS()[pri:8, instance:com.manulife.automation.rest_assured_execution.tests.mps.BankInfoTest@56928e17]" started-at="2025-01-22T12:36:47Z" name="getBankInfo_pending_accounts_MPS" description="Validate get bank info for pending accounts" finished-at="2025-01-22T12:36:48Z" duration-ms="662" status="PASS">
          <reporter-output>
          </reporter-output>
        </test-method> <!-- getBankInfo_pending_accounts_MPS -->
        <test-method is-config="true" signature="teardown()[pri:0, instance:com.manulife.automation.rest_assured_execution.tests.mps.BankInfoTest@56928e17]" started-at="2025-01-22T12:36:48Z" name="teardown" finished-at="2025-01-22T12:36:48Z" duration-ms="0" status="PASS">
          <reporter-output>
          </reporter-output>
        </test-method> <!-- teardown -->
        <test-method is-config="true" signature="clearSettings()[pri:0, instance:com.manulife.automation.rest_assured_execution.tests.mps.BankInfoTest@56928e17]" started-at="2025-01-22T12:36:48Z" name="clearSettings" finished-at="2025-01-22T12:36:48Z" duration-ms="0" status="PASS">
          <reporter-output>
          </reporter-output>
        </test-method> <!-- clearSettings -->
        <test-method is-config="true" signature="init()[pri:0, instance:com.manulife.automation.rest_assured_execution.tests.mps.BankInfoTest@56928e17]" started-at="2025-01-22T12:37:17Z" name="init" description="initialize API test" finished-at="2025-01-22T12:37:17Z" duration-ms="9" status="PASS">
          <reporter-output>
          </reporter-output>
        </test-method> <!-- init -->
        <test-method is-config="true" signature="setup()[pri:0, instance:com.manulife.automation.rest_assured_execution.tests.mps.BankInfoTest@56928e17]" started-at="2025-01-22T12:37:17Z" name="setup" finished-at="2025-01-22T12:37:17Z" duration-ms="0" status="PASS">
          <reporter-output>
          </reporter-output>
        </test-method> <!-- setup -->
        <test-method signature="getAccessToken_UnauthorizedBank()[pri:9, instance:com.manulife.automation.rest_assured_execution.tests.mps.BankInfoTest@56928e17]" started-at="2025-01-22T12:37:17Z" name="getAccessToken_UnauthorizedBank" description="Get CIAM Access Token for user not having bank role" finished-at="2025-01-22T12:37:20Z" duration-ms="2423" status="PASS">
          <reporter-output>
          </reporter-output>
        </test-method> <!-- getAccessToken_UnauthorizedBank -->
        <test-method is-config="true" signature="teardown()[pri:0, instance:com.manulife.automation.rest_assured_execution.tests.mps.BankInfoTest@56928e17]" started-at="2025-01-22T12:37:20Z" name="teardown" finished-at="2025-01-22T12:37:20Z" duration-ms="2" status="PASS">
          <reporter-output>
          </reporter-output>
        </test-method> <!-- teardown -->
        <test-method is-config="true" signature="clearSettings()[pri:0, instance:com.manulife.automation.rest_assured_execution.tests.mps.BankInfoTest@56928e17]" started-at="2025-01-22T12:37:20Z" name="clearSettings" finished-at="2025-01-22T12:37:20Z" duration-ms="0" status="PASS">
          <reporter-output>
          </reporter-output>
        </test-method> <!-- clearSettings -->
        <test-method is-config="true" signature="setup()[pri:0, instance:com.manulife.automation.rest_assured_execution.tests.mps.BankInfoTest@56928e17]" started-at="2025-01-22T12:37:24Z" name="setup" finished-at="2025-01-22T12:37:24Z" duration-ms="0" status="PASS">
          <reporter-output>
          </reporter-output>
        </test-method> <!-- setup -->
        <test-method is-config="true" signature="init()[pri:0, instance:com.manulife.automation.rest_assured_execution.tests.mps.BankInfoTest@56928e17]" started-at="2025-01-22T12:37:24Z" name="init" description="initialize API test" finished-at="2025-01-22T12:37:24Z" duration-ms="1" status="PASS">
          <reporter-output>
          </reporter-output>
        </test-method> <!-- init -->
        <test-method signature="getBankInfo_unauthorized_MPS()[pri:10, instance:com.manulife.automation.rest_assured_execution.tests.mps.BankInfoTest@56928e17]" started-at="2025-01-22T12:37:24Z" name="getBankInfo_unauthorized_MPS" description="Validate get bank info for unauthorized user" finished-at="2025-01-22T12:37:26Z" duration-ms="1377" status="PASS">
          <reporter-output>
          </reporter-output>
        </test-method> <!-- getBankInfo_unauthorized_MPS -->
        <test-method is-config="true" signature="teardown()[pri:0, instance:com.manulife.automation.rest_assured_execution.tests.mps.BankInfoTest@56928e17]" started-at="2025-01-22T12:37:26Z" name="teardown" finished-at="2025-01-22T12:37:26Z" duration-ms="1" status="PASS">
          <reporter-output>
          </reporter-output>
        </test-method> <!-- teardown -->
        <test-method is-config="true" signature="clearSettings()[pri:0, instance:com.manulife.automation.rest_assured_execution.tests.mps.BankInfoTest@56928e17]" started-at="2025-01-22T12:37:26Z" name="clearSettings" finished-at="2025-01-22T12:37:26Z" duration-ms="0" status="PASS">
          <reporter-output>
          </reporter-output>
        </test-method> <!-- clearSettings -->
        <test-method is-config="true" signature="init()[pri:0, instance:com.manulife.automation.rest_assured_execution.tests.mps.BankInfoTest@56928e17]" started-at="2025-01-22T12:37:35Z" name="init" description="initialize API test" finished-at="2025-01-22T12:37:35Z" duration-ms="1" status="PASS">
          <reporter-output>
          </reporter-output>
        </test-method> <!-- init -->
        <test-method is-config="true" signature="setup()[pri:0, instance:com.manulife.automation.rest_assured_execution.tests.mps.BankInfoTest@56928e17]" started-at="2025-01-22T12:37:35Z" name="setup" finished-at="2025-01-22T12:37:35Z" duration-ms="0" status="PASS">
          <reporter-output>
          </reporter-output>
        </test-method> <!-- setup -->
        <test-method signature="getBankInfo_empty_MPS()[pri:11, instance:com.manulife.automation.rest_assured_execution.tests.mps.BankInfoTest@56928e17]" started-at="2025-01-22T12:37:35Z" name="getBankInfo_empty_MPS" description="Validate empty bank info" finished-at="2025-01-22T12:37:35Z" duration-ms="749" status="PASS">
          <reporter-output>
          </reporter-output>
        </test-method> <!-- getBankInfo_empty_MPS -->
        <test-method is-config="true" signature="teardown()[pri:0, instance:com.manulife.automation.rest_assured_execution.tests.mps.BankInfoTest@56928e17]" started-at="2025-01-22T12:37:35Z" name="teardown" finished-at="2025-01-22T12:37:35Z" duration-ms="0" status="PASS">
          <reporter-output>
          </reporter-output>
        </test-method> <!-- teardown -->
        <test-method is-config="true" signature="clearSettings()[pri:0, instance:com.manulife.automation.rest_assured_execution.tests.mps.BankInfoTest@56928e17]" started-at="2025-01-22T12:37:35Z" name="clearSettings" finished-at="2025-01-22T12:37:35Z" duration-ms="0" status="PASS">
          <reporter-output>
          </reporter-output>
        </test-method> <!-- clearSettings -->
      </class> <!-- com.manulife.automation.rest_assured_execution.tests.mps.BankInfoTest -->
    </test> <!-- Functional API Tests -->
  </suite> <!-- FunctionalSampleTestsForAPI -->
</testng-results>
